info: ::1 - - [08/Apr/2022:02:48:36 +0000] "PUT /api/v1/notes/624ebf76089f8017c42afa1f HTTP/1.1" 500 56 "-" "PostmanRuntime/7.29.0"

info: ::1 - - [08/Apr/2022:02:49:29 +0000] "PUT /api/v1/notes/624ebf76089f8017c42afa1f HTTP/1.1" 500 56 "-" "PostmanRuntime/7.29.0"

info: ::1 - - [08/Apr/2022:03:03:07 +0000] "PUT /api/v1/notes/624ebf76089f8017c42afa1f HTTP/1.1" 500 56 "-" "PostmanRuntime/7.29.0"

info: ::1 - - [08/Apr/2022:03:03:19 +0000] "PUT /api/v1/notes/624ebf76089f8017c42afa1f HTTP/1.1" 500 56 "-" "PostmanRuntime/7.29.0"

info: ::1 - - [08/Apr/2022:03:03:39 +0000] "PUT /api/v1/notes/Hanish2171@gmail.com HTTP/1.1" 500 56 "-" "PostmanRuntime/7.29.0"

info: ::1 - - [08/Apr/2022:03:05:18 +0000] "PUT /api/v1/notes/Hanish2171@gmail.com HTTP/1.1" 500 86 "-" "PostmanRuntime/7.29.0"

info: ::1 - - [08/Apr/2022:03:08:17 +0000] "PUT /api/v1/notes/Hanish2171@gmail.com HTTP/1.1" 500 172 "-" "PostmanRuntime/7.29.0"

info: ::1 - - [08/Apr/2022:03:12:07 +0000] "PUT /api/v1/notes/Hanish2171@gmail.com HTTP/1.1" 500 83 "-" "PostmanRuntime/7.29.0"

info: ::1 - - [08/Apr/2022:03:15:23 +0000] "PUT /api/v1/notes/Hanish2171@gmail.com HTTP/1.1" 500 185 "-" "PostmanRuntime/7.29.0"

info: ::1 - - [08/Apr/2022:03:15:42 +0000] "PUT /api/v1/notes/Hanish2171@gmail.com HTTP/1.1" 500 185 "-" "PostmanRuntime/7.29.0"

info: ::1 - - [08/Apr/2022:03:21:56 +0000] "PUT /api/v1/notes/Hanish2171@gmail.com HTTP/1.1" 500 172 "-" "PostmanRuntime/7.29.0"

info: ::1 - - [08/Apr/2022:03:28:16 +0000] "PUT /api/v1/notes/Hanish2171@gmail.com HTTP/1.1" 500 172 "-" "PostmanRuntime/7.29.0"

info: ::1 - - [08/Apr/2022:03:33:13 +0000] "PUT /api/v1/notes/624ebf76089f8017c42afa1f HTTP/1.1" 500 172 "-" "PostmanRuntime/7.29.0"

info: ::1 - - [08/Apr/2022:03:35:40 +0000] "PUT /api/v1/notes/624ebf76089f8017c42afa1f HTTP/1.1" 202 394 "-" "PostmanRuntime/7.29.0"

info: ::1 - - [08/Apr/2022:09:49:24 +0000] "GET /api/v1/notes HTTP/1.1" 200 938 "-" "PostmanRuntime/7.29.0"

info: ::1 - - [08/Apr/2022:10:00:04 +0000] "GET /api/v1/notes HTTP/1.1" 404 47 "-" "PostmanRuntime/7.29.0"

info: ::1 - - [08/Apr/2022:10:01:38 +0000] "GET /api/v1/notes HTTP/1.1" 200 938 "-" "PostmanRuntime/7.29.0"

info: ::1 - - [08/Apr/2022:10:21:01 +0000] "GET /api/v1/notes/archive/624e9362fcc06452209eebbe HTTP/1.1" 404 47 "-" "PostmanRuntime/7.29.0"

info: ::1 - - [08/Apr/2022:10:21:06 +0000] "PUT /api/v1/notes/archive/624e9362fcc06452209eebbe HTTP/1.1" 200 349 "-" "PostmanRuntime/7.29.0"

info: ::1 - - [08/Apr/2022:10:21:30 +0000] "GET /api/v1/notes HTTP/1.1" 200 984 "-" "PostmanRuntime/7.29.0"

info: ::1 - - [08/Apr/2022:11:34:57 +0000] "POST /api/v1/notes HTTP/1.1" 201 309 "-" "PostmanRuntime/7.29.0"

info: ::1 - - [08/Apr/2022:11:35:23 +0000] "PUT /api/v1/notes/archive/62501de1bbc1aa29b807386a HTTP/1.1" 200 312 "-" "PostmanRuntime/7.29.0"

