info: ::1 - - [06/Apr/2022:18:50:14 +0000] "POST /api/v1/notes HTTP/1.1" 400 56 "-" "PostmanRuntime/7.29.0"

info: ::1 - - [07/Apr/2022:02:37:10 +0000] "POST /api/v1/notes HTTP/1.1" 400 56 "-" "PostmanRuntime/7.29.0"

info: ::1 - - [07/Apr/2022:02:38:59 +0000] "GET /api/v1/users/login HTTP/1.1" 500 71 "-" "PostmanRuntime/7.29.0"

info: ::1 - - [07/Apr/2022:02:41:41 +0000] "GET /api/v1/users/login HTTP/1.1" 200 251 "-" "PostmanRuntime/7.29.0"

info: ::1 - - [07/Apr/2022:02:43:44 +0000] "POST /api/v1/notes HTTP/1.1" 400 56 "-" "PostmanRuntime/7.29.0"

info: ::1 - - [07/Apr/2022:02:47:02 +0000] "POST /api/v1/notes HTTP/1.1" 201 243 "-" "PostmanRuntime/7.29.0"

info: ::1 - - [07/Apr/2022:02:50:00 +0000] "GET /api/v1/users/login HTTP/1.1" 500 58 "-" "PostmanRuntime/7.29.0"

info: ::1 - - [07/Apr/2022:02:52:31 +0000] "GET /api/v1/users/login HTTP/1.1" 500 54 "-" "PostmanRuntime/7.29.0"

info: ::1 - - [07/Apr/2022:02:52:41 +0000] "POST /api/v1/users HTTP/1.1" 500 72 "-" "PostmanRuntime/7.29.0"

info: ::1 - - [07/Apr/2022:02:54:24 +0000] "POST /api/v1/users HTTP/1.1" 500 54 "-" "PostmanRuntime/7.29.0"

info: ::1 - - [07/Apr/2022:02:55:12 +0000] "POST /api/v1/users HTTP/1.1" 201 328 "-" "PostmanRuntime/7.29.0"

info: ::1 - - [07/Apr/2022:03:05:26 +0000] "GET /api/v1/users/login HTTP/1.1" 200 261 "-" "PostmanRuntime/7.29.0"

info: ::1 - - [07/Apr/2022:03:06:52 +0000] "POST /api/v1/notes HTTP/1.1" 201 263 "-" "PostmanRuntime/7.29.0"

info: ::1 - - [07/Apr/2022:06:30:50 +0000] "POST /api/v1/notes HTTP/1.1" 201 292 "-" "PostmanRuntime/7.29.0"

info: ::1 - - [07/Apr/2022:06:33:02 +0000] "POST /api/v1/notes HTTP/1.1" 201 304 "-" "PostmanRuntime/7.29.0"

info: ::1 - - [07/Apr/2022:06:37:36 +0000] "GET /api/v1/notes/ HTTP/1.1" 200 758 "-" "PostmanRuntime/7.29.0"

info: ::1 - - [07/Apr/2022:06:52:45 +0000] "GET /api/v1/notes/ HTTP/1.1" 200 758 "-" "PostmanRuntime/7.29.0"

info: ::1 - - [07/Apr/2022:07:11:59 +0000] "POST /api/v1/users HTTP/1.1" 500 61 "-" "PostmanRuntime/7.29.0"

info: ::1 - - [07/Apr/2022:07:12:43 +0000] "POST /api/v1/users HTTP/1.1" 500 61 "-" "PostmanRuntime/7.29.0"

info: ::1 - - [07/Apr/2022:07:22:39 +0000] "POST /api/v1/users HTTP/1.1" 201 323 "-" "PostmanRuntime/7.29.0"

info: ::1 - - [07/Apr/2022:07:23:00 +0000] "GET /api/v1/users/login HTTP/1.1" 200 251 "-" "PostmanRuntime/7.29.0"

info: ::1 - - [07/Apr/2022:07:30:32 +0000] "POST /api/v1/notes HTTP/1.1" 201 282 "-" "PostmanRuntime/7.29.0"

info: ::1 - - [07/Apr/2022:07:31:46 +0000] "POST /api/v1/notes HTTP/1.1" 201 309 "-" "PostmanRuntime/7.29.0"

info: ::1 - - [07/Apr/2022:07:32:59 +0000] "PUT /api/v1/notes/ HTTP/1.1" 404 47 "-" "PostmanRuntime/7.29.0"

info: ::1 - - [07/Apr/2022:07:39:38 +0000] "PUT /api/v1/notes/ HTTP/1.1" 404 47 "-" "PostmanRuntime/7.29.0"

info: ::1 - - [07/Apr/2022:08:09:40 +0000] "PUT /api/v1/notes/ HTTP/1.1" 404 47 "-" "PostmanRuntime/7.29.0"

info: ::1 - - [07/Apr/2022:08:11:57 +0000] "PUT /api/v1/notes/ HTTP/1.1" 404 47 "-" "PostmanRuntime/7.29.0"

info: ::1 - - [07/Apr/2022:08:20:25 +0000] "PUT /api/v1/notes/624e9362fcc06452209eebbe HTTP/1.1" 500 140 "-" "PostmanRuntime/7.29.0"

info: ::1 - - [07/Apr/2022:08:22:22 +0000] "PUT /api/v1/notes/624e9362fcc06452209eebbe HTTP/1.1" 202 348 "-" "PostmanRuntime/7.29.0"

info: ::1 - - [07/Apr/2022:08:25:38 +0000] "GET /api/v1/notes/624e9362fcc06452209eebbe HTTP/1.1" 200 348 "-" "PostmanRuntime/7.29.0"

info: ::1 - - [07/Apr/2022:08:28:58 +0000] "GET /api/v1/notes HTTP/1.1" 200 1276 "-" "PostmanRuntime/7.29.0"

info: ::1 - - [07/Apr/2022:10:28:02 +0000] "GET /api/v1/notes/624e913ffcc06452209eebb9 HTTP/1.1" 200 62 "-" "PostmanRuntime/7.29.0"

info: ::1 - - [07/Apr/2022:10:39:28 +0000] "GET /api/v1/notes HTTP/1.1" 200 1276 "-" "PostmanRuntime/7.29.0"

info: ::1 - - [07/Apr/2022:10:39:50 +0000] "POST /api/v1/notes HTTP/1.1" 201 344 "-" "PostmanRuntime/7.29.0"

info: ::1 - - [07/Apr/2022:10:42:11 +0000] "POST /api/v1/notes HTTP/1.1" 201 301 "-" "PostmanRuntime/7.29.0"

info: ::1 - - [07/Apr/2022:10:43:09 +0000] "DELETE /api/v1/notes/624e9318fcc06452209eebbc HTTP/1.1" 200 60 "-" "PostmanRuntime/7.29.0"

info: ::1 - - [07/Apr/2022:11:38:41 +0000] "GET /api/v1/notes HTTP/1.1" 200 890 "-" "PostmanRuntime/7.29.0"

