info: Server started at http://localhost:3000/api/v1/ {"timestamp":"2022-04-06T18:35:33.016Z"}
info: Connected to the database. {"timestamp":"2022-04-06T18:35:33.048Z"}
info: Server started at http://localhost:3000/api/v1/ {"timestamp":"2022-04-06T18:41:12.496Z"}
info: Connected to the database. {"timestamp":"2022-04-06T18:41:12.564Z"}
info: Server started at http://localhost:3000/api/v1/ {"timestamp":"2022-04-06T18:42:24.598Z"}
info: Connected to the database. {"timestamp":"2022-04-06T18:42:24.627Z"}
info: Server started at http://localhost:3000/api/v1/ {"timestamp":"2022-04-06T18:46:34.780Z"}
info: Connected to the database. {"timestamp":"2022-04-06T18:46:34.809Z"}
info: Server started at http://localhost:3000/api/v1/ {"timestamp":"2022-04-06T18:48:10.383Z"}
info: Connected to the database. {"timestamp":"2022-04-06T18:48:10.409Z"}
info: Server started at http://localhost:3000/api/v1/ {"timestamp":"2022-04-06T18:50:02.629Z"}
info: Connected to the database. {"timestamp":"2022-04-06T18:50:02.657Z"}
info: Server started at http://localhost:3000/api/v1/ {"timestamp":"2022-04-06T18:50:10.147Z"}
info: Connected to the database. {"timestamp":"2022-04-06T18:50:10.174Z"}
error: 
      status - 400
      message - Authorization token is required 
      url - /api/v1/notes 
      method - POST 
      IP - ::1
     {"timestamp":"2022-04-06T18:50:14.910Z"}
info: Server started at http://localhost:3000/api/v1/ {"timestamp":"2022-04-06T19:12:21.448Z"}
info: Connected to the database. {"timestamp":"2022-04-06T19:12:21.475Z"}
info: Server started at http://localhost:3000/api/v1/ {"timestamp":"2022-04-07T02:36:55.353Z"}
info: Connected to the database. {"timestamp":"2022-04-07T02:36:55.387Z"}
error: 
      status - 400
      message - Authorization token is required 
      url - /api/v1/notes 
      method - POST 
      IP - ::1
     {"timestamp":"2022-04-07T02:37:10.023Z"}
error: 
    status - 500 
    message - Error: secretOrPrivateKey must have a value
    at Object.sign (F:\Study Material\googlekeep\node_modules\jsonwebtoken\sign.js:107:20)
    at _callee2$ (F:\Study Material\googlekeep\src\services\/user.service.js:27:21)
    at tryCatch (F:\Study Material\googlekeep\node_modules\regenerator-runtime\runtime.js:63:40)
    at Generator.invoke [as _invoke] (F:\Study Material\googlekeep\node_modules\regenerator-runtime\runtime.js:294:22)
    at Generator.next (F:\Study Material\googlekeep\node_modules\regenerator-runtime\runtime.js:119:21)
    at asyncGeneratorStep (F:\Study Material\googlekeep\node_modules\@babel\runtime\helpers\asyncToGenerator.js:3:24)
    at _next (F:\Study Material\googlekeep\node_modules\@babel\runtime\helpers\asyncToGenerator.js:25:9)
    at processTicksAndRejections (node:internal/process/task_queues:96:5) 
    url - /api/v1/users/login 
    method - GET 
    IP - ::1
   {"timestamp":"2022-04-07T02:38:59.930Z"}
info: Server started at http://localhost:3000/api/v1/ {"timestamp":"2022-04-07T02:41:36.308Z"}
info: Connected to the database. {"timestamp":"2022-04-07T02:41:36.338Z"}
error: 
      status - 400
      message - Authorization token is required 
      url - /api/v1/notes 
      method - POST 
      IP - ::1
     {"timestamp":"2022-04-07T02:43:44.103Z"}
info: Server started at http://localhost:3000/api/v1/ {"timestamp":"2022-04-07T02:45:40.124Z"}
info: Connected to the database. {"timestamp":"2022-04-07T02:45:40.155Z"}
info: Server started at http://localhost:3000/api/v1/ {"timestamp":"2022-04-07T02:46:09.539Z"}
info: Connected to the database. {"timestamp":"2022-04-07T02:46:09.591Z"}
info: Server started at http://localhost:3000/api/v1/ {"timestamp":"2022-04-07T02:46:53.677Z"}
info: Connected to the database. {"timestamp":"2022-04-07T02:46:53.706Z"}
error: 
    status - 500 
    message - Error: password does not match
    at _callee2$ (F:\Study Material\googlekeep\src\services\/user.service.js:31:12)
    at tryCatch (F:\Study Material\googlekeep\node_modules\regenerator-runtime\runtime.js:63:40)
    at Generator.invoke [as _invoke] (F:\Study Material\googlekeep\node_modules\regenerator-runtime\runtime.js:294:22)
    at Generator.next (F:\Study Material\googlekeep\node_modules\regenerator-runtime\runtime.js:119:21)
    at asyncGeneratorStep (F:\Study Material\googlekeep\node_modules\@babel\runtime\helpers\asyncToGenerator.js:3:24)
    at _next (F:\Study Material\googlekeep\node_modules\@babel\runtime\helpers\asyncToGenerator.js:25:9)
    at processTicksAndRejections (node:internal/process/task_queues:96:5) 
    url - /api/v1/users/login 
    method - GET 
    IP - ::1
   {"timestamp":"2022-04-07T02:50:00.009Z"}
error: 
    status - 500 
    message - Error: User not Registered
    at _callee2$ (F:\Study Material\googlekeep\src\services\/user.service.js:35:9)
    at tryCatch (F:\Study Material\googlekeep\node_modules\regenerator-runtime\runtime.js:63:40)
    at Generator.invoke [as _invoke] (F:\Study Material\googlekeep\node_modules\regenerator-runtime\runtime.js:294:22)
    at Generator.next (F:\Study Material\googlekeep\node_modules\regenerator-runtime\runtime.js:119:21)
    at asyncGeneratorStep (F:\Study Material\googlekeep\node_modules\@babel\runtime\helpers\asyncToGenerator.js:3:24)
    at _next (F:\Study Material\googlekeep\node_modules\@babel\runtime\helpers\asyncToGenerator.js:25:9)
    at processTicksAndRejections (node:internal/process/task_queues:96:5) 
    url - /api/v1/users/login 
    method - GET 
    IP - ::1
   {"timestamp":"2022-04-07T02:52:31.501Z"}
error: 
    status - 500 
    message - TypeError: UserService.newUser is not a function
    at _callee$ (F:\Study Material\googlekeep\src\controllers\/user.controller.js:12:36)
    at tryCatch (F:\Study Material\googlekeep\node_modules\regenerator-runtime\runtime.js:63:40)
    at Generator.invoke [as _invoke] (F:\Study Material\googlekeep\node_modules\regenerator-runtime\runtime.js:294:22)
    at Generator.next (F:\Study Material\googlekeep\node_modules\regenerator-runtime\runtime.js:119:21)
    at asyncGeneratorStep (F:\Study Material\googlekeep\node_modules\@babel\runtime\helpers\asyncToGenerator.js:3:24)
    at _next (F:\Study Material\googlekeep\node_modules\@babel\runtime\helpers\asyncToGenerator.js:25:9)
    at F:\Study Material\googlekeep\node_modules\@babel\runtime\helpers\asyncToGenerator.js:32:7
    at new Promise (<anonymous>)
    at F:\Study Material\googlekeep\node_modules\@babel\runtime\helpers\asyncToGenerator.js:21:12
    at userRegistration (F:\Study Material\googlekeep\src\controllers\/user.controller.js:10:30)
    at Layer.handle [as handle_request] (F:\Study Material\googlekeep\node_modules\express\lib\router\layer.js:95:5)
    at next (F:\Study Material\googlekeep\node_modules\express\lib\router\route.js:137:13)
    at userRegistrationValidator (F:\Study Material\googlekeep\src\validators\/user.validator.js:20:5)
    at Layer.handle [as handle_request] (F:\Study Material\googlekeep\node_modules\express\lib\router\layer.js:95:5)
    at next (F:\Study Material\googlekeep\node_modules\express\lib\router\route.js:137:13)
    at Route.dispatch (F:\Study Material\googlekeep\node_modules\express\lib\router\route.js:112:3) 
    url - /api/v1/users 
    method - POST 
    IP - ::1
   {"timestamp":"2022-04-07T02:52:41.410Z"}
info: Server started at http://localhost:3000/api/v1/ {"timestamp":"2022-04-07T02:53:53.099Z"}
info: Connected to the database. {"timestamp":"2022-04-07T02:53:53.132Z"}
info: Server started at http://localhost:3000/api/v1/ {"timestamp":"2022-04-07T02:54:05.454Z"}
info: Connected to the database. {"timestamp":"2022-04-07T02:54:05.493Z"}
info: Server started at http://localhost:3000/api/v1/ {"timestamp":"2022-04-07T02:54:17.244Z"}
info: Connected to the database. {"timestamp":"2022-04-07T02:54:17.305Z"}
error: 
    status - 500 
    message - ReferenceError: body is not defined
    at _callee$ (F:\Study Material\googlekeep\src\services\/user.service.js:13:34)
    at tryCatch (F:\Study Material\googlekeep\node_modules\regenerator-runtime\runtime.js:63:40)
    at Generator.invoke [as _invoke] (F:\Study Material\googlekeep\node_modules\regenerator-runtime\runtime.js:294:22)
    at Generator.next (F:\Study Material\googlekeep\node_modules\regenerator-runtime\runtime.js:119:21)
    at asyncGeneratorStep (F:\Study Material\googlekeep\node_modules\@babel\runtime\helpers\asyncToGenerator.js:3:24)
    at _next (F:\Study Material\googlekeep\node_modules\@babel\runtime\helpers\asyncToGenerator.js:25:9) 
    url - /api/v1/users 
    method - POST 
    IP - ::1
   {"timestamp":"2022-04-07T02:54:24.835Z"}
info: Server started at http://localhost:3000/api/v1/ {"timestamp":"2022-04-07T02:55:06.703Z"}
info: Connected to the database. {"timestamp":"2022-04-07T02:55:06.752Z"}
info: Server started at http://localhost:3000/api/v1/ {"timestamp":"2022-04-07T03:01:38.012Z"}
info: Connected to the database. {"timestamp":"2022-04-07T03:01:38.049Z"}
info: Server started at http://localhost:3000/api/v1/ {"timestamp":"2022-04-07T03:02:23.954Z"}
info: Connected to the database. {"timestamp":"2022-04-07T03:02:23.989Z"}
info: Server started at http://localhost:3000/api/v1/ {"timestamp":"2022-04-07T03:03:51.984Z"}
info: Connected to the database. {"timestamp":"2022-04-07T03:03:52.014Z"}
info: Server started at http://localhost:3000/api/v1/ {"timestamp":"2022-04-07T03:04:11.307Z"}
info: Connected to the database. {"timestamp":"2022-04-07T03:04:11.345Z"}
info: Server started at http://localhost:3000/api/v1/ {"timestamp":"2022-04-07T03:09:27.108Z"}
info: Connected to the database. {"timestamp":"2022-04-07T03:09:27.137Z"}
info: Server started at http://localhost:3000/api/v1/ {"timestamp":"2022-04-07T03:11:33.576Z"}
info: Connected to the database. {"timestamp":"2022-04-07T03:11:33.607Z"}
info: Server started at http://localhost:3000/api/v1/ {"timestamp":"2022-04-07T03:47:51.109Z"}
info: Connected to the database. {"timestamp":"2022-04-07T03:47:51.148Z"}
info: Server started at http://localhost:3000/api/v1/ {"timestamp":"2022-04-07T03:48:20.358Z"}
info: Connected to the database. {"timestamp":"2022-04-07T03:48:20.393Z"}
error: 
      status - 11000
      message - E11000 duplicate key error collection: My_Database.users index: email_1 dup key: { email: "gajra.rashmi.0504@gmail.com" } 
      url - /api/v1/users 
      method - POST 
      IP - ::1
     {"timestamp":"2022-04-07T07:11:59.576Z"}
error: 
    status - 500 
    message - RangeError: Invalid status code: 11000
    at new NodeError (node:internal/errors:371:5)
    at ServerResponse.writeHead (node:_http_server:274:11)
    at ServerResponse.writeHead (F:\Study Material\googlekeep\node_modules\on-headers\index.js:44:26)
    at ServerResponse._implicitHeader (node:_http_server:265:8)
    at write_ (node:_http_outgoing:766:9)
    at ServerResponse.end (node:_http_outgoing:855:5)
    at ServerResponse.send (F:\Study Material\googlekeep\node_modules\express\lib\response.js:221:10)
    at ServerResponse.json (F:\Study Material\googlekeep\node_modules\express\lib\response.js:267:15)
    at appErrorHandler (F:\Study Material\googlekeep\src\middlewares\/error.middleware.js:36:26)
    at Layer.handle_error (F:\Study Material\googlekeep\node_modules\express\lib\router\layer.js:71:5)
    at trim_prefix (F:\Study Material\googlekeep\node_modules\express\lib\router\index.js:321:13)
    at F:\Study Material\googlekeep\node_modules\express\lib\router\index.js:284:7
    at Function.process_params (F:\Study Material\googlekeep\node_modules\express\lib\router\index.js:341:12)
    at next (F:\Study Material\googlekeep\node_modules\express\lib\router\index.js:275:10)
    at F:\Study Material\googlekeep\node_modules\express\lib\router\index.js:641:15
    at next (F:\Study Material\googlekeep\node_modules\express\lib\router\index.js:260:14) 
    url - /api/v1/users 
    method - POST 
    IP - ::1
   {"timestamp":"2022-04-07T07:11:59.622Z"}
info: Server started at http://localhost:3000/api/v1/ {"timestamp":"2022-04-07T07:12:30.302Z"}
info: Connected to the database. {"timestamp":"2022-04-07T07:12:30.330Z"}
error: 
      status - 11000
      message - E11000 duplicate key error collection: My_Database.users index: email_1 dup key: { email: "gajra.rashmi.0504@gmail.com" } 
      url - /api/v1/users 
      method - POST 
      IP - ::1
     {"timestamp":"2022-04-07T07:12:43.214Z"}
error: 
    status - 500 
    message - RangeError: Invalid status code: 11000
    at new NodeError (node:internal/errors:371:5)
    at ServerResponse.writeHead (node:_http_server:274:11)
    at ServerResponse.writeHead (F:\Study Material\googlekeep\node_modules\on-headers\index.js:44:26)
    at ServerResponse._implicitHeader (node:_http_server:265:8)
    at write_ (node:_http_outgoing:766:9)
    at ServerResponse.end (node:_http_outgoing:855:5)
    at ServerResponse.send (F:\Study Material\googlekeep\node_modules\express\lib\response.js:221:10)
    at ServerResponse.json (F:\Study Material\googlekeep\node_modules\express\lib\response.js:267:15)
    at appErrorHandler (F:\Study Material\googlekeep\src\middlewares\/error.middleware.js:36:26)
    at Layer.handle_error (F:\Study Material\googlekeep\node_modules\express\lib\router\layer.js:71:5)
    at trim_prefix (F:\Study Material\googlekeep\node_modules\express\lib\router\index.js:321:13)
    at F:\Study Material\googlekeep\node_modules\express\lib\router\index.js:284:7
    at Function.process_params (F:\Study Material\googlekeep\node_modules\express\lib\router\index.js:341:12)
    at next (F:\Study Material\googlekeep\node_modules\express\lib\router\index.js:275:10)
    at F:\Study Material\googlekeep\node_modules\express\lib\router\index.js:641:15
    at next (F:\Study Material\googlekeep\node_modules\express\lib\router\index.js:260:14) 
    url - /api/v1/users 
    method - POST 
    IP - ::1
   {"timestamp":"2022-04-07T07:12:43.363Z"}
error: 
    status - 500 
    message - SyntaxError: Unexpected token f in JSON at position 23
    at JSON.parse (<anonymous>)
    at parse (F:\Study Material\googlekeep\node_modules\body-parser\lib\types\json.js:89:19)
    at F:\Study Material\googlekeep\node_modules\body-parser\lib\read.js:121:18
    at invokeCallback (F:\Study Material\googlekeep\node_modules\raw-body\index.js:224:16)
    at done (F:\Study Material\googlekeep\node_modules\raw-body\index.js:213:7)
    at IncomingMessage.onEnd (F:\Study Material\googlekeep\node_modules\raw-body\index.js:273:7)
    at IncomingMessage.emit (node:events:538:35)
    at IncomingMessage.emit (node:domain:475:12)
    at endReadableNT (node:internal/streams/readable:1345:12)
    at processTicksAndRejections (node:internal/process/task_queues:83:21) 
    url - /api/v1/notes/ 
    method - PUT 
    IP - ::1
   {"timestamp":"2022-04-07T07:36:17.953Z"}
info: Server started at http://localhost:3000/api/v1/ {"timestamp":"2022-04-07T07:37:17.608Z"}
info: Connected to the database. {"timestamp":"2022-04-07T07:37:17.634Z"}
info: Server started at http://localhost:3000/api/v1/ {"timestamp":"2022-04-07T07:42:50.790Z"}
info: Connected to the database. {"timestamp":"2022-04-07T07:42:50.816Z"}
error: 
    status - 500 
    message - CastError: Cast to ObjectId failed for value "{ _id: undefined }" (type Object) at path "_id" for model "Note"
    at model.Query.exec (F:\Study Material\googlekeep\node_modules\mongoose\lib\query.js:4498:21)
    at model.Query.Query.then (F:\Study Material\googlekeep\node_modules\mongoose\lib\query.js:4592:15)
    at processTicksAndRejections (node:internal/process/task_queues:96:5) 
    url - /api/v1/notes/624e9362fcc06452209eebbe 
    method - PUT 
    IP - ::1
   {"timestamp":"2022-04-07T08:20:25.139Z"}
info: Server started at http://localhost:3000/api/v1/ {"timestamp":"2022-04-07T08:22:18.283Z"}
info: Connected to the database. {"timestamp":"2022-04-07T08:22:18.312Z"}
info: Server started at http://localhost:3000/api/v1/ {"timestamp":"2022-04-07T08:24:33.031Z"}
info: Connected to the database. {"timestamp":"2022-04-07T08:24:33.063Z"}
info: Server started at http://localhost:3000/api/v1/ {"timestamp":"2022-04-07T08:24:54.865Z"}
info: Connected to the database. {"timestamp":"2022-04-07T08:24:54.897Z"}
info: Server started at http://localhost:3000/api/v1/ {"timestamp":"2022-04-07T10:56:30.720Z"}
info: Connected to the database. {"timestamp":"2022-04-07T10:56:30.748Z"}
info: Server started at http://localhost:3000/api/v1/ {"timestamp":"2022-04-07T10:56:54.725Z"}
info: Connected to the database. {"timestamp":"2022-04-07T10:56:54.755Z"}
info: Server started at http://localhost:3000/api/v1/ {"timestamp":"2022-04-07T11:31:05.610Z"}
info: Connected to the database. {"timestamp":"2022-04-07T11:31:05.665Z"}
info: Server started at http://localhost:3000/api/v1/ {"timestamp":"2022-04-07T11:36:24.532Z"}
info: Connected to the database. {"timestamp":"2022-04-07T11:36:24.573Z"}
