info: Server started at http://localhost:3000/api/v1/ {"timestamp":"2022-04-05T02:27:29.247Z"}
info: Connected to the database. {"timestamp":"2022-04-05T02:27:29.296Z"}
info: Server started at http://localhost:3000/api/v1/ {"timestamp":"2022-04-05T02:35:11.870Z"}
info: Connected to the database. {"timestamp":"2022-04-05T02:35:11.897Z"}
error: 
    status - 500 
    message - TypeError: Cannot read properties of undefined (reading 'email')
    at _callee2$ (F:\Study Material\googlekeep\src\services\/user.service.js:18:41)
    at tryCatch (F:\Study Material\googlekeep\node_modules\regenerator-runtime\runtime.js:63:40)
    at Generator.invoke [as _invoke] (F:\Study Material\googlekeep\node_modules\regenerator-runtime\runtime.js:294:22)
    at Generator.next (F:\Study Material\googlekeep\node_modules\regenerator-runtime\runtime.js:119:21)
    at asyncGeneratorStep (F:\Study Material\googlekeep\node_modules\@babel\runtime\helpers\asyncToGenerator.js:3:24)
    at _next (F:\Study Material\googlekeep\node_modules\@babel\runtime\helpers\asyncToGenerator.js:25:9)
    at F:\Study Material\googlekeep\node_modules\@babel\runtime\helpers\asyncToGenerator.js:32:7
    at new Promise (<anonymous>)
    at Object.<anonymous> (F:\Study Material\googlekeep\node_modules\@babel\runtime\helpers\asyncToGenerator.js:21:12)
    at Object.userLogIn (F:\Study Material\googlekeep\src\services\/user.service.js:17:23)
    at _callee2$ (F:\Study Material\googlekeep\src\controllers\/user.controller.js:31:36)
    at tryCatch (F:\Study Material\googlekeep\node_modules\regenerator-runtime\runtime.js:63:40)
    at Generator.invoke [as _invoke] (F:\Study Material\googlekeep\node_modules\regenerator-runtime\runtime.js:294:22)
    at Generator.next (F:\Study Material\googlekeep\node_modules\regenerator-runtime\runtime.js:119:21)
    at asyncGeneratorStep (F:\Study Material\googlekeep\node_modules\@babel\runtime\helpers\asyncToGenerator.js:3:24)
    at _next (F:\Study Material\googlekeep\node_modules\@babel\runtime\helpers\asyncToGenerator.js:25:9) 
    url - /api/v1/users/login 
    method - GET 
    IP - ::1
   {"timestamp":"2022-04-05T02:35:16.703Z"}
info: Server started at http://localhost:3000/api/v1/ {"timestamp":"2022-04-05T02:36:06.916Z"}
info: Connected to the database. {"timestamp":"2022-04-05T02:36:06.954Z"}
info: Server started at http://localhost:3000/api/v1/ {"timestamp":"2022-04-05T02:36:21.393Z"}
info: Connected to the database. {"timestamp":"2022-04-05T02:36:21.439Z"}
error: 
    status - 500 
    message - ObjectParameterError: Parameter "filter" to find() must be an object, got shyamgajra@gmail.com
    at model.Query.Query.find (F:\Study Material\googlekeep\node_modules\mongoose\lib\query.js:2098:16)
    at Function.find (F:\Study Material\googlekeep\node_modules\mongoose\lib\model.js:2157:13)
    at _callee2$ (F:\Study Material\googlekeep\src\services\/user.service.js:18:27)
    at tryCatch (F:\Study Material\googlekeep\node_modules\regenerator-runtime\runtime.js:63:40)
    at Generator.invoke [as _invoke] (F:\Study Material\googlekeep\node_modules\regenerator-runtime\runtime.js:294:22)
    at Generator.next (F:\Study Material\googlekeep\node_modules\regenerator-runtime\runtime.js:119:21)
    at asyncGeneratorStep (F:\Study Material\googlekeep\node_modules\@babel\runtime\helpers\asyncToGenerator.js:3:24)
    at _next (F:\Study Material\googlekeep\node_modules\@babel\runtime\helpers\asyncToGenerator.js:25:9)
    at F:\Study Material\googlekeep\node_modules\@babel\runtime\helpers\asyncToGenerator.js:32:7
    at new Promise (<anonymous>)
    at Object.<anonymous> (F:\Study Material\googlekeep\node_modules\@babel\runtime\helpers\asyncToGenerator.js:21:12)
    at Object.userLogIn (F:\Study Material\googlekeep\src\services\/user.service.js:17:23)
    at _callee2$ (F:\Study Material\googlekeep\src\controllers\/user.controller.js:31:36)
    at tryCatch (F:\Study Material\googlekeep\node_modules\regenerator-runtime\runtime.js:63:40)
    at Generator.invoke [as _invoke] (F:\Study Material\googlekeep\node_modules\regenerator-runtime\runtime.js:294:22)
    at Generator.next (F:\Study Material\googlekeep\node_modules\regenerator-runtime\runtime.js:119:21) 
    url - /api/v1/users/login 
    method - GET 
    IP - ::1
   {"timestamp":"2022-04-05T02:36:48.251Z"}
info: Server started at http://localhost:3000/api/v1/ {"timestamp":"2022-04-05T02:37:42.583Z"}
info: Connected to the database. {"timestamp":"2022-04-05T02:37:42.618Z"}
info: Server started at http://localhost:3000/api/v1/ {"timestamp":"2022-04-05T02:38:04.494Z"}
info: Connected to the database. {"timestamp":"2022-04-05T02:38:04.529Z"}
error: 
    status - 500 
    message - Error: Illegal arguments: string, undefined
    at Object.compareSync (F:\Study Material\googlekeep\node_modules\bcryptjs\dist\bcrypt.js:265:19)
    at _callee2$ (F:\Study Material\googlekeep\src\services\/user.service.js:22:33)
    at tryCatch (F:\Study Material\googlekeep\node_modules\regenerator-runtime\runtime.js:63:40)
    at Generator.invoke [as _invoke] (F:\Study Material\googlekeep\node_modules\regenerator-runtime\runtime.js:294:22)
    at Generator.next (F:\Study Material\googlekeep\node_modules\regenerator-runtime\runtime.js:119:21)
    at asyncGeneratorStep (F:\Study Material\googlekeep\node_modules\@babel\runtime\helpers\asyncToGenerator.js:3:24)
    at _next (F:\Study Material\googlekeep\node_modules\@babel\runtime\helpers\asyncToGenerator.js:25:9)
    at processTicksAndRejections (node:internal/process/task_queues:96:5) 
    url - /api/v1/users/login 
    method - GET 
    IP - ::1
   {"timestamp":"2022-04-05T02:38:08.149Z"}
info: Server started at http://localhost:3000/api/v1/ {"timestamp":"2022-04-05T02:39:51.989Z"}
info: Connected to the database. {"timestamp":"2022-04-05T02:39:52.029Z"}
info: Server started at http://localhost:3000/api/v1/ {"timestamp":"2022-04-05T02:39:59.767Z"}
info: Connected to the database. {"timestamp":"2022-04-05T02:39:59.797Z"}
info: Server started at http://localhost:3000/api/v1/ {"timestamp":"2022-04-05T02:40:16.635Z"}
info: Connected to the database. {"timestamp":"2022-04-05T02:40:16.674Z"}
error: 
    status - 500 
    message - Error: Illegal arguments: string, undefined
    at Object.compareSync (F:\Study Material\googlekeep\node_modules\bcryptjs\dist\bcrypt.js:265:19)
    at _callee2$ (F:\Study Material\googlekeep\src\services\/user.service.js:23:33)
    at tryCatch (F:\Study Material\googlekeep\node_modules\regenerator-runtime\runtime.js:63:40)
    at Generator.invoke [as _invoke] (F:\Study Material\googlekeep\node_modules\regenerator-runtime\runtime.js:294:22)
    at Generator.next (F:\Study Material\googlekeep\node_modules\regenerator-runtime\runtime.js:119:21)
    at asyncGeneratorStep (F:\Study Material\googlekeep\node_modules\@babel\runtime\helpers\asyncToGenerator.js:3:24)
    at _next (F:\Study Material\googlekeep\node_modules\@babel\runtime\helpers\asyncToGenerator.js:25:9)
    at processTicksAndRejections (node:internal/process/task_queues:96:5) 
    url - /api/v1/users/login 
    method - GET 
    IP - ::1
   {"timestamp":"2022-04-05T02:40:47.432Z"}
info: Server started at http://localhost:3000/api/v1/ {"timestamp":"2022-04-05T02:41:36.735Z"}
info: Connected to the database. {"timestamp":"2022-04-05T02:41:36.768Z"}
info: Server started at http://localhost:3000/api/v1/ {"timestamp":"2022-04-05T02:41:51.887Z"}
info: Connected to the database. {"timestamp":"2022-04-05T02:41:51.920Z"}
info: Server started at http://localhost:3000/api/v1/ {"timestamp":"2022-04-05T02:58:16.559Z"}
info: Connected to the database. {"timestamp":"2022-04-05T02:58:16.598Z"}
info: Server started at http://localhost:3000/api/v1/ {"timestamp":"2022-04-05T03:00:04.818Z"}
info: Connected to the database. {"timestamp":"2022-04-05T03:00:04.865Z"}
info: Server started at http://localhost:3000/api/v1/ {"timestamp":"2022-04-05T03:01:55.156Z"}
info: Connected to the database. {"timestamp":"2022-04-05T03:01:55.203Z"}
info: Server started at http://localhost:3000/api/v1/ {"timestamp":"2022-04-05T03:03:54.189Z"}
info: Connected to the database. {"timestamp":"2022-04-05T03:03:54.220Z"}
info: Server started at http://localhost:3000/api/v1/ {"timestamp":"2022-04-05T03:05:06.253Z"}
info: Connected to the database. {"timestamp":"2022-04-05T03:05:06.285Z"}
error: 
    status - 500 
    message - Error: User not Registered
    at _callee2$ (F:\Study Material\googlekeep\src\services\/user.service.js:40:9)
    at tryCatch (F:\Study Material\googlekeep\node_modules\regenerator-runtime\runtime.js:63:40)
    at Generator.invoke [as _invoke] (F:\Study Material\googlekeep\node_modules\regenerator-runtime\runtime.js:294:22)
    at Generator.next (F:\Study Material\googlekeep\node_modules\regenerator-runtime\runtime.js:119:21)
    at asyncGeneratorStep (F:\Study Material\googlekeep\node_modules\@babel\runtime\helpers\asyncToGenerator.js:3:24)
    at _next (F:\Study Material\googlekeep\node_modules\@babel\runtime\helpers\asyncToGenerator.js:25:9)
    at runMicrotasks (<anonymous>)
    at processTicksAndRejections (node:internal/process/task_queues:96:5) 
    url - /api/v1/users/login 
    method - GET 
    IP - ::1
   {"timestamp":"2022-04-05T06:12:49.414Z"}
info: Server started at http://localhost:3000/api/v1/ {"timestamp":"2022-04-05T06:22:16.152Z"}
info: Connected to the database. {"timestamp":"2022-04-05T06:22:16.185Z"}
info: Server started at http://localhost:3000/api/v1/ {"timestamp":"2022-04-05T06:38:18.390Z"}
info: Connected to the database. {"timestamp":"2022-04-05T06:38:18.418Z"}
info: Server started at http://localhost:3000/api/v1/ {"timestamp":"2022-04-05T06:39:39.029Z"}
info: Connected to the database. {"timestamp":"2022-04-05T06:39:39.061Z"}
info: Server started at http://localhost:3000/api/v1/ {"timestamp":"2022-04-05T06:42:35.781Z"}
info: Connected to the database. {"timestamp":"2022-04-05T06:42:35.894Z"}
info: Server started at http://localhost:3000/api/v1/ {"timestamp":"2022-04-05T06:46:05.318Z"}
info: Connected to the database. {"timestamp":"2022-04-05T06:46:05.389Z"}
info: Server started at http://localhost:3000/api/v1/ {"timestamp":"2022-04-05T06:47:39.485Z"}
info: Connected to the database. {"timestamp":"2022-04-05T06:47:39.539Z"}
info: Server started at http://localhost:3000/api/v1/ {"timestamp":"2022-04-05T06:48:35.438Z"}
info: Connected to the database. {"timestamp":"2022-04-05T06:48:35.479Z"}
info: Server started at http://localhost:3000/api/v1/ {"timestamp":"2022-04-05T07:26:17.195Z"}
info: Connected to the database. {"timestamp":"2022-04-05T07:26:17.220Z"}
info: Server started at http://localhost:3000/api/v1/ {"timestamp":"2022-04-05T07:39:13.497Z"}
info: Connected to the database. {"timestamp":"2022-04-05T07:39:13.523Z"}
info: Server started at http://localhost:3000/api/v1/ {"timestamp":"2022-04-05T07:45:21.702Z"}
info: Connected to the database. {"timestamp":"2022-04-05T07:45:21.730Z"}
info: Server started at http://localhost:3000/api/v1/ {"timestamp":"2022-04-05T07:45:36.568Z"}
info: Connected to the database. {"timestamp":"2022-04-05T07:45:36.596Z"}
info: Server started at http://localhost:3000/api/v1/ {"timestamp":"2022-04-05T07:46:30.203Z"}
info: Connected to the database. {"timestamp":"2022-04-05T07:46:30.235Z"}
info: Server started at http://localhost:3000/api/v1/ {"timestamp":"2022-04-05T07:47:54.845Z"}
info: Connected to the database. {"timestamp":"2022-04-05T07:47:54.872Z"}
