info: Server started at http://localhost:3000/api/v1/ {"timestamp":"2022-04-06T02:48:33.978Z"}
info: Connected to the database. {"timestamp":"2022-04-06T02:48:34.019Z"}
info: Server started at http://localhost:3000/api/v1/ {"timestamp":"2022-04-06T02:55:42.416Z"}
info: Connected to the database. {"timestamp":"2022-04-06T02:55:42.446Z"}
error: 
    status - 500 
    message - ReferenceError: data_email is not defined
    at _callee2$ (F:\Study Material\googlekeep\src\services\/user.service.js:34:35)
    at tryCatch (F:\Study Material\googlekeep\node_modules\regenerator-runtime\runtime.js:63:40)
    at Generator.invoke [as _invoke] (F:\Study Material\googlekeep\node_modules\regenerator-runtime\runtime.js:294:22)
    at Generator.next (F:\Study Material\googlekeep\node_modules\regenerator-runtime\runtime.js:119:21)
    at asyncGeneratorStep (F:\Study Material\googlekeep\node_modules\@babel\runtime\helpers\asyncToGenerator.js:3:24)
    at _next (F:\Study Material\googlekeep\node_modules\@babel\runtime\helpers\asyncToGenerator.js:25:9)
    at processTicksAndRejections (node:internal/process/task_queues:96:5) 
    url - /api/v1/users/login 
    method - GET 
    IP - ::ffff:127.0.0.1
   {"timestamp":"2022-04-06T02:57:07.188Z"}
info: Server started at http://localhost:3000/api/v1/ {"timestamp":"2022-04-06T02:58:53.771Z"}
info: Connected to the database. {"timestamp":"2022-04-06T02:58:53.807Z"}
info: Server started at http://localhost:3000/api/v1/ {"timestamp":"2022-04-06T03:16:21.299Z"}
info: Connected to the database. {"timestamp":"2022-04-06T03:16:21.337Z"}
info: Server started at http://localhost:3000/api/v1/ {"timestamp":"2022-04-06T03:16:41.961Z"}
info: Connected to the database. {"timestamp":"2022-04-06T03:16:41.988Z"}
info: Server started at http://localhost:3000/api/v1/ {"timestamp":"2022-04-06T03:18:00.349Z"}
info: Connected to the database. {"timestamp":"2022-04-06T03:18:00.435Z"}
info: Server started at http://localhost:3000/api/v1/ {"timestamp":"2022-04-06T03:18:34.133Z"}
info: Connected to the database. {"timestamp":"2022-04-06T03:18:34.165Z"}
info: Server started at http://localhost:3000/api/v1/ {"timestamp":"2022-04-06T09:29:42.390Z"}
info: Connected to the database. {"timestamp":"2022-04-06T09:29:42.435Z"}
info: Server started at http://localhost:3000/api/v1/ {"timestamp":"2022-04-06T09:31:00.381Z"}
info: Connected to the database. {"timestamp":"2022-04-06T09:31:00.417Z"}
info: Server started at http://localhost:3000/api/v1/ {"timestamp":"2022-04-06T09:35:31.478Z"}
info: Connected to the database. {"timestamp":"2022-04-06T09:35:31.504Z"}
info: Server started at http://localhost:3000/api/v1/ {"timestamp":"2022-04-06T09:53:29.273Z"}
info: Connected to the database. {"timestamp":"2022-04-06T09:53:29.301Z"}
info: Server started at http://localhost:3000/api/v1/ {"timestamp":"2022-04-06T09:55:11.718Z"}
info: Connected to the database. {"timestamp":"2022-04-06T09:55:11.747Z"}
info: Server started at http://localhost:3000/api/v1/ {"timestamp":"2022-04-06T09:55:31.481Z"}
info: Connected to the database. {"timestamp":"2022-04-06T09:55:31.514Z"}
info: Server started at http://localhost:3000/api/v1/ {"timestamp":"2022-04-06T09:55:36.846Z"}
info: Connected to the database. {"timestamp":"2022-04-06T09:55:36.874Z"}
info: Server started at http://localhost:3000/api/v1/ {"timestamp":"2022-04-06T10:14:35.163Z"}
info: Connected to the database. {"timestamp":"2022-04-06T10:14:35.243Z"}
info: Server started at http://localhost:3000/api/v1/ {"timestamp":"2022-04-06T10:15:47.314Z"}
info: Connected to the database. {"timestamp":"2022-04-06T10:15:47.350Z"}
info: Server started at http://localhost:3000/api/v1/ {"timestamp":"2022-04-06T10:19:53.478Z"}
info: Connected to the database. {"timestamp":"2022-04-06T10:19:53.535Z"}
info: Server started at http://localhost:3000/api/v1/ {"timestamp":"2022-04-06T10:20:36.716Z"}
info: Connected to the database. {"timestamp":"2022-04-06T10:20:36.748Z"}
info: Server started at http://localhost:3000/api/v1/ {"timestamp":"2022-04-06T10:22:50.109Z"}
info: Connected to the database. {"timestamp":"2022-04-06T10:22:50.135Z"}
info: Server started at http://localhost:3000/api/v1/ {"timestamp":"2022-04-06T10:23:37.030Z"}
info: Connected to the database. {"timestamp":"2022-04-06T10:23:37.058Z"}
info: Server started at http://localhost:3000/api/v1/ {"timestamp":"2022-04-06T10:24:38.450Z"}
info: Connected to the database. {"timestamp":"2022-04-06T10:24:38.482Z"}
info: Server started at http://localhost:3000/api/v1/ {"timestamp":"2022-04-06T10:30:25.157Z"}
info: Connected to the database. {"timestamp":"2022-04-06T10:30:25.188Z"}
info: Server started at http://localhost:3000/api/v1/ {"timestamp":"2022-04-06T10:31:01.424Z"}
info: Connected to the database. {"timestamp":"2022-04-06T10:31:01.460Z"}
info: Server started at http://localhost:3000/api/v1/ {"timestamp":"2022-04-06T10:33:55.816Z"}
info: Connected to the database. {"timestamp":"2022-04-06T10:33:55.869Z"}
info: Server started at http://localhost:3000/api/v1/ {"timestamp":"2022-04-06T10:37:52.196Z"}
info: Connected to the database. {"timestamp":"2022-04-06T10:37:52.307Z"}
info: Server started at http://localhost:3000/api/v1/ {"timestamp":"2022-04-06T10:38:06.350Z"}
info: Connected to the database. {"timestamp":"2022-04-06T10:38:06.376Z"}
info: Server started at http://localhost:3000/api/v1/ {"timestamp":"2022-04-06T10:38:56.305Z"}
info: Connected to the database. {"timestamp":"2022-04-06T10:38:56.347Z"}
info: Server started at http://localhost:3000/api/v1/ {"timestamp":"2022-04-06T10:39:36.442Z"}
info: Connected to the database. {"timestamp":"2022-04-06T10:39:36.508Z"}
info: Server started at http://localhost:3000/api/v1/ {"timestamp":"2022-04-06T10:42:16.687Z"}
info: Connected to the database. {"timestamp":"2022-04-06T10:42:16.743Z"}
info: Server started at http://localhost:3000/api/v1/ {"timestamp":"2022-04-06T10:42:25.823Z"}
info: Connected to the database. {"timestamp":"2022-04-06T10:42:25.851Z"}
info: Server started at http://localhost:3000/api/v1/ {"timestamp":"2022-04-06T10:44:29.793Z"}
info: Connected to the database. {"timestamp":"2022-04-06T10:44:29.821Z"}
info: Server started at http://localhost:3000/api/v1/ {"timestamp":"2022-04-06T10:45:24.928Z"}
info: Connected to the database. {"timestamp":"2022-04-06T10:45:24.952Z"}
info: Server started at http://localhost:3000/api/v1/ {"timestamp":"2022-04-06T10:46:21.139Z"}
info: Connected to the database. {"timestamp":"2022-04-06T10:46:21.182Z"}
info: Server started at http://localhost:3000/api/v1/ {"timestamp":"2022-04-06T10:46:28.744Z"}
info: Connected to the database. {"timestamp":"2022-04-06T10:46:28.772Z"}
info: Server started at http://localhost:3000/api/v1/ {"timestamp":"2022-04-06T11:27:40.208Z"}
info: Connected to the database. {"timestamp":"2022-04-06T11:27:40.232Z"}
info: Server started at http://localhost:3000/api/v1/ {"timestamp":"2022-04-06T11:27:48.133Z"}
info: Connected to the database. {"timestamp":"2022-04-06T11:27:48.166Z"}
info: Server started at http://localhost:3000/api/v1/ {"timestamp":"2022-04-06T11:27:53.271Z"}
info: Connected to the database. {"timestamp":"2022-04-06T11:27:53.310Z"}
info: Server started at http://localhost:3000/api/v1/ {"timestamp":"2022-04-06T11:31:09.461Z"}
info: Connected to the database. {"timestamp":"2022-04-06T11:31:09.498Z"}
