error: uncaughtException: listen EADDRINUSE: address already in use :::3000
Error: listen EADDRINUSE: address already in use :::3000
    at Server.setupListenHandle [as _listen2] (node:net:1330:16)
    at listenInCluster (node:net:1378:12)
    at Server.listen (node:net:1465:7)
    at Function.listen (C:\Windows\System32\googlekeep\googlekeep\node_modules\express\lib\application.js:618:24)
    at Object.<anonymous> (C:\Windows\System32\googlekeep\googlekeep\src\/index.js:37:5)
    at Module._compile (node:internal/modules/cjs/loader:1103:14)
    at Module._compile (C:\Windows\System32\googlekeep\googlekeep\node_modules\pirates\lib\index.js:136:24)
    at Module._extensions..js (node:internal/modules/cjs/loader:1157:10)
    at Object.newLoader [as .js] (C:\Windows\System32\googlekeep\googlekeep\node_modules\pirates\lib\index.js:141:7)
    at Module.load (node:internal/modules/cjs/loader:981:32)
    at Function.Module._load (node:internal/modules/cjs/loader:822:12)
    at Function.executeUserEntryPoint [as runMain] (node:internal/modules/run_main:77:12)
    at Object.<anonymous> (C:\Windows\System32\googlekeep\googlekeep\node_modules\@babel\node\lib\_babel-node.js:176:21)
    at Module._compile (node:internal/modules/cjs/loader:1103:14)
    at Object.Module._extensions..js (node:internal/modules/cjs/loader:1157:10)
    at Module.load (node:internal/modules/cjs/loader:981:32) {"date":"Fri Apr 01 2022 17:34:16 GMT+0530 (India Standard Time)","error":{"address":"::","code":"EADDRINUSE","errno":-4091,"port":3000,"syscall":"listen"},"exception":true,"os":{"loadavg":[0,0,0],"uptime":1534228},"process":{"argv":["node","C:\\Windows\\System32\\googlekeep\\googlekeep\\src\\index.js"],"cwd":"C:\\Windows\\System32\\googlekeep\\googlekeep","execPath":"C:\\Program Files\\nodejs\\node.exe","gid":null,"memoryUsage":{"arrayBuffers":19292881,"external":24749442,"heapTotal":79269888,"heapUsed":58525240,"rss":113225728},"pid":16044,"uid":null,"version":"v16.14.2"},"stack":"Error: listen EADDRINUSE: address already in use :::3000\n    at Server.setupListenHandle [as _listen2] (node:net:1330:16)\n    at listenInCluster (node:net:1378:12)\n    at Server.listen (node:net:1465:7)\n    at Function.listen (C:\\Windows\\System32\\googlekeep\\googlekeep\\node_modules\\express\\lib\\application.js:618:24)\n    at Object.<anonymous> (C:\\Windows\\System32\\googlekeep\\googlekeep\\src\\/index.js:37:5)\n    at Module._compile (node:internal/modules/cjs/loader:1103:14)\n    at Module._compile (C:\\Windows\\System32\\googlekeep\\googlekeep\\node_modules\\pirates\\lib\\index.js:136:24)\n    at Module._extensions..js (node:internal/modules/cjs/loader:1157:10)\n    at Object.newLoader [as .js] (C:\\Windows\\System32\\googlekeep\\googlekeep\\node_modules\\pirates\\lib\\index.js:141:7)\n    at Module.load (node:internal/modules/cjs/loader:981:32)\n    at Function.Module._load (node:internal/modules/cjs/loader:822:12)\n    at Function.executeUserEntryPoint [as runMain] (node:internal/modules/run_main:77:12)\n    at Object.<anonymous> (C:\\Windows\\System32\\googlekeep\\googlekeep\\node_modules\\@babel\\node\\lib\\_babel-node.js:176:21)\n    at Module._compile (node:internal/modules/cjs/loader:1103:14)\n    at Object.Module._extensions..js (node:internal/modules/cjs/loader:1157:10)\n    at Module.load (node:internal/modules/cjs/loader:981:32)","trace":[{"column":16,"file":"node:net","function":"Server.setupListenHandle [as _listen2]","line":1330,"method":"setupListenHandle [as _listen2]","native":false},{"column":12,"file":"node:net","function":"listenInCluster","line":1378,"method":null,"native":false},{"column":7,"file":"node:net","function":"Server.listen","line":1465,"method":"listen","native":false},{"column":24,"file":"C:\\Windows\\System32\\googlekeep\\googlekeep\\node_modules\\express\\lib\\application.js","function":"Function.listen","line":618,"method":"listen","native":false},{"column":5,"file":"C:\\Windows\\System32\\googlekeep\\googlekeep\\src\\/index.js","function":null,"line":37,"method":null,"native":false},{"column":14,"file":"node:internal/modules/cjs/loader","function":"Module._compile","line":1103,"method":"_compile","native":false},{"column":24,"file":"C:\\Windows\\System32\\googlekeep\\googlekeep\\node_modules\\pirates\\lib\\index.js","function":"Module._compile","line":136,"method":"_compile","native":false},{"column":10,"file":"node:internal/modules/cjs/loader","function":"Module._extensions..js","line":1157,"method":".js","native":false},{"column":7,"file":"C:\\Windows\\System32\\googlekeep\\googlekeep\\node_modules\\pirates\\lib\\index.js","function":"Object.newLoader [as .js]","line":141,"method":"js]","native":false},{"column":32,"file":"node:internal/modules/cjs/loader","function":"Module.load","line":981,"method":"load","native":false},{"column":12,"file":"node:internal/modules/cjs/loader","function":"Module._load","line":822,"method":"_load","native":false},{"column":12,"file":"node:internal/modules/run_main","function":"Function.executeUserEntryPoint [as runMain]","line":77,"method":"executeUserEntryPoint [as runMain]","native":false},{"column":21,"file":"C:\\Windows\\System32\\googlekeep\\googlekeep\\node_modules\\@babel\\node\\lib\\_babel-node.js","function":null,"line":176,"method":null,"native":false},{"column":14,"file":"node:internal/modules/cjs/loader","function":"Module._compile","line":1103,"method":"_compile","native":false},{"column":10,"file":"node:internal/modules/cjs/loader","function":"Module._extensions..js","line":1157,"method":".js","native":false},{"column":32,"file":"node:internal/modules/cjs/loader","function":"Module.load","line":981,"method":"load","native":false}]}
error: uncaughtException: listen EADDRINUSE: address already in use :::3000
Error: listen EADDRINUSE: address already in use :::3000
    at Server.setupListenHandle [as _listen2] (node:net:1330:16)
    at listenInCluster (node:net:1378:12)
    at Server.listen (node:net:1465:7)
    at Function.listen (C:\Windows\System32\googlekeep\googlekeep\node_modules\express\lib\application.js:618:24)
    at Object.<anonymous> (C:\Windows\System32\googlekeep\googlekeep\src\/index.js:37:5)
    at Module._compile (node:internal/modules/cjs/loader:1103:14)
    at Module._compile (C:\Windows\System32\googlekeep\googlekeep\node_modules\pirates\lib\index.js:136:24)
    at Module._extensions..js (node:internal/modules/cjs/loader:1157:10)
    at Object.newLoader [as .js] (C:\Windows\System32\googlekeep\googlekeep\node_modules\pirates\lib\index.js:141:7)
    at Module.load (node:internal/modules/cjs/loader:981:32)
    at Function.Module._load (node:internal/modules/cjs/loader:822:12)
    at Function.executeUserEntryPoint [as runMain] (node:internal/modules/run_main:77:12)
    at Object.<anonymous> (C:\Windows\System32\googlekeep\googlekeep\node_modules\@babel\node\lib\_babel-node.js:176:21)
    at Module._compile (node:internal/modules/cjs/loader:1103:14)
    at Object.Module._extensions..js (node:internal/modules/cjs/loader:1157:10)
    at Module.load (node:internal/modules/cjs/loader:981:32) {"date":"Fri Apr 01 2022 17:35:04 GMT+0530 (India Standard Time)","error":{"address":"::","code":"EADDRINUSE","errno":-4091,"port":3000,"syscall":"listen"},"exception":true,"os":{"loadavg":[0,0,0],"uptime":1534276},"process":{"argv":["node","C:\\Windows\\System32\\googlekeep\\googlekeep\\src\\index.js"],"cwd":"C:\\Windows\\System32\\googlekeep\\googlekeep","execPath":"C:\\Program Files\\nodejs\\node.exe","gid":null,"memoryUsage":{"arrayBuffers":18368666,"external":30215588,"heapTotal":75087872,"heapUsed":43796488,"rss":108032000},"pid":19600,"uid":null,"version":"v16.14.2"},"stack":"Error: listen EADDRINUSE: address already in use :::3000\n    at Server.setupListenHandle [as _listen2] (node:net:1330:16)\n    at listenInCluster (node:net:1378:12)\n    at Server.listen (node:net:1465:7)\n    at Function.listen (C:\\Windows\\System32\\googlekeep\\googlekeep\\node_modules\\express\\lib\\application.js:618:24)\n    at Object.<anonymous> (C:\\Windows\\System32\\googlekeep\\googlekeep\\src\\/index.js:37:5)\n    at Module._compile (node:internal/modules/cjs/loader:1103:14)\n    at Module._compile (C:\\Windows\\System32\\googlekeep\\googlekeep\\node_modules\\pirates\\lib\\index.js:136:24)\n    at Module._extensions..js (node:internal/modules/cjs/loader:1157:10)\n    at Object.newLoader [as .js] (C:\\Windows\\System32\\googlekeep\\googlekeep\\node_modules\\pirates\\lib\\index.js:141:7)\n    at Module.load (node:internal/modules/cjs/loader:981:32)\n    at Function.Module._load (node:internal/modules/cjs/loader:822:12)\n    at Function.executeUserEntryPoint [as runMain] (node:internal/modules/run_main:77:12)\n    at Object.<anonymous> (C:\\Windows\\System32\\googlekeep\\googlekeep\\node_modules\\@babel\\node\\lib\\_babel-node.js:176:21)\n    at Module._compile (node:internal/modules/cjs/loader:1103:14)\n    at Object.Module._extensions..js (node:internal/modules/cjs/loader:1157:10)\n    at Module.load (node:internal/modules/cjs/loader:981:32)","trace":[{"column":16,"file":"node:net","function":"Server.setupListenHandle [as _listen2]","line":1330,"method":"setupListenHandle [as _listen2]","native":false},{"column":12,"file":"node:net","function":"listenInCluster","line":1378,"method":null,"native":false},{"column":7,"file":"node:net","function":"Server.listen","line":1465,"method":"listen","native":false},{"column":24,"file":"C:\\Windows\\System32\\googlekeep\\googlekeep\\node_modules\\express\\lib\\application.js","function":"Function.listen","line":618,"method":"listen","native":false},{"column":5,"file":"C:\\Windows\\System32\\googlekeep\\googlekeep\\src\\/index.js","function":null,"line":37,"method":null,"native":false},{"column":14,"file":"node:internal/modules/cjs/loader","function":"Module._compile","line":1103,"method":"_compile","native":false},{"column":24,"file":"C:\\Windows\\System32\\googlekeep\\googlekeep\\node_modules\\pirates\\lib\\index.js","function":"Module._compile","line":136,"method":"_compile","native":false},{"column":10,"file":"node:internal/modules/cjs/loader","function":"Module._extensions..js","line":1157,"method":".js","native":false},{"column":7,"file":"C:\\Windows\\System32\\googlekeep\\googlekeep\\node_modules\\pirates\\lib\\index.js","function":"Object.newLoader [as .js]","line":141,"method":"js]","native":false},{"column":32,"file":"node:internal/modules/cjs/loader","function":"Module.load","line":981,"method":"load","native":false},{"column":12,"file":"node:internal/modules/cjs/loader","function":"Module._load","line":822,"method":"_load","native":false},{"column":12,"file":"node:internal/modules/run_main","function":"Function.executeUserEntryPoint [as runMain]","line":77,"method":"executeUserEntryPoint [as runMain]","native":false},{"column":21,"file":"C:\\Windows\\System32\\googlekeep\\googlekeep\\node_modules\\@babel\\node\\lib\\_babel-node.js","function":null,"line":176,"method":null,"native":false},{"column":14,"file":"node:internal/modules/cjs/loader","function":"Module._compile","line":1103,"method":"_compile","native":false},{"column":10,"file":"node:internal/modules/cjs/loader","function":"Module._extensions..js","line":1157,"method":".js","native":false},{"column":32,"file":"node:internal/modules/cjs/loader","function":"Module.load","line":981,"method":"load","native":false}]}
error: uncaughtException: listen EADDRINUSE: address already in use :::3000
Error: listen EADDRINUSE: address already in use :::3000
    at Server.setupListenHandle [as _listen2] (node:net:1330:16)
    at listenInCluster (node:net:1378:12)
    at Server.listen (node:net:1465:7)
    at Function.listen (C:\Windows\System32\googlekeep\googlekeep\node_modules\express\lib\application.js:618:24)
    at Object.<anonymous> (C:\Windows\System32\googlekeep\googlekeep\src\/index.js:37:5)
    at Module._compile (node:internal/modules/cjs/loader:1103:14)
    at Module._compile (C:\Windows\System32\googlekeep\googlekeep\node_modules\pirates\lib\index.js:136:24)
    at Module._extensions..js (node:internal/modules/cjs/loader:1157:10)
    at Object.newLoader [as .js] (C:\Windows\System32\googlekeep\googlekeep\node_modules\pirates\lib\index.js:141:7)
    at Module.load (node:internal/modules/cjs/loader:981:32)
    at Function.Module._load (node:internal/modules/cjs/loader:822:12)
    at Function.executeUserEntryPoint [as runMain] (node:internal/modules/run_main:77:12)
    at Object.<anonymous> (C:\Windows\System32\googlekeep\googlekeep\node_modules\@babel\node\lib\_babel-node.js:176:21)
    at Module._compile (node:internal/modules/cjs/loader:1103:14)
    at Object.Module._extensions..js (node:internal/modules/cjs/loader:1157:10)
    at Module.load (node:internal/modules/cjs/loader:981:32) {"date":"Fri Apr 01 2022 17:36:05 GMT+0530 (India Standard Time)","error":{"address":"::","code":"EADDRINUSE","errno":-4091,"port":3000,"syscall":"listen"},"exception":true,"os":{"loadavg":[0,0,0],"uptime":1534336},"process":{"argv":["node","C:\\Windows\\System32\\googlekeep\\googlekeep\\src\\index.js"],"cwd":"C:\\Windows\\System32\\googlekeep\\googlekeep","execPath":"C:\\Program Files\\nodejs\\node.exe","gid":null,"memoryUsage":{"arrayBuffers":19331867,"external":30215588,"heapTotal":76660736,"heapUsed":53379272,"rss":110096384},"pid":10032,"uid":null,"version":"v16.14.2"},"stack":"Error: listen EADDRINUSE: address already in use :::3000\n    at Server.setupListenHandle [as _listen2] (node:net:1330:16)\n    at listenInCluster (node:net:1378:12)\n    at Server.listen (node:net:1465:7)\n    at Function.listen (C:\\Windows\\System32\\googlekeep\\googlekeep\\node_modules\\express\\lib\\application.js:618:24)\n    at Object.<anonymous> (C:\\Windows\\System32\\googlekeep\\googlekeep\\src\\/index.js:37:5)\n    at Module._compile (node:internal/modules/cjs/loader:1103:14)\n    at Module._compile (C:\\Windows\\System32\\googlekeep\\googlekeep\\node_modules\\pirates\\lib\\index.js:136:24)\n    at Module._extensions..js (node:internal/modules/cjs/loader:1157:10)\n    at Object.newLoader [as .js] (C:\\Windows\\System32\\googlekeep\\googlekeep\\node_modules\\pirates\\lib\\index.js:141:7)\n    at Module.load (node:internal/modules/cjs/loader:981:32)\n    at Function.Module._load (node:internal/modules/cjs/loader:822:12)\n    at Function.executeUserEntryPoint [as runMain] (node:internal/modules/run_main:77:12)\n    at Object.<anonymous> (C:\\Windows\\System32\\googlekeep\\googlekeep\\node_modules\\@babel\\node\\lib\\_babel-node.js:176:21)\n    at Module._compile (node:internal/modules/cjs/loader:1103:14)\n    at Object.Module._extensions..js (node:internal/modules/cjs/loader:1157:10)\n    at Module.load (node:internal/modules/cjs/loader:981:32)","trace":[{"column":16,"file":"node:net","function":"Server.setupListenHandle [as _listen2]","line":1330,"method":"setupListenHandle [as _listen2]","native":false},{"column":12,"file":"node:net","function":"listenInCluster","line":1378,"method":null,"native":false},{"column":7,"file":"node:net","function":"Server.listen","line":1465,"method":"listen","native":false},{"column":24,"file":"C:\\Windows\\System32\\googlekeep\\googlekeep\\node_modules\\express\\lib\\application.js","function":"Function.listen","line":618,"method":"listen","native":false},{"column":5,"file":"C:\\Windows\\System32\\googlekeep\\googlekeep\\src\\/index.js","function":null,"line":37,"method":null,"native":false},{"column":14,"file":"node:internal/modules/cjs/loader","function":"Module._compile","line":1103,"method":"_compile","native":false},{"column":24,"file":"C:\\Windows\\System32\\googlekeep\\googlekeep\\node_modules\\pirates\\lib\\index.js","function":"Module._compile","line":136,"method":"_compile","native":false},{"column":10,"file":"node:internal/modules/cjs/loader","function":"Module._extensions..js","line":1157,"method":".js","native":false},{"column":7,"file":"C:\\Windows\\System32\\googlekeep\\googlekeep\\node_modules\\pirates\\lib\\index.js","function":"Object.newLoader [as .js]","line":141,"method":"js]","native":false},{"column":32,"file":"node:internal/modules/cjs/loader","function":"Module.load","line":981,"method":"load","native":false},{"column":12,"file":"node:internal/modules/cjs/loader","function":"Module._load","line":822,"method":"_load","native":false},{"column":12,"file":"node:internal/modules/run_main","function":"Function.executeUserEntryPoint [as runMain]","line":77,"method":"executeUserEntryPoint [as runMain]","native":false},{"column":21,"file":"C:\\Windows\\System32\\googlekeep\\googlekeep\\node_modules\\@babel\\node\\lib\\_babel-node.js","function":null,"line":176,"method":null,"native":false},{"column":14,"file":"node:internal/modules/cjs/loader","function":"Module._compile","line":1103,"method":"_compile","native":false},{"column":10,"file":"node:internal/modules/cjs/loader","function":"Module._extensions..js","line":1157,"method":".js","native":false},{"column":32,"file":"node:internal/modules/cjs/loader","function":"Module.load","line":981,"method":"load","native":false}]}
error: uncaughtException: listen EADDRINUSE: address already in use :::3000
Error: listen EADDRINUSE: address already in use :::3000
    at Server.setupListenHandle [as _listen2] (node:net:1330:16)
    at listenInCluster (node:net:1378:12)
    at Server.listen (node:net:1465:7)
    at Function.listen (C:\Windows\System32\googlekeep\googlekeep\node_modules\express\lib\application.js:618:24)
    at Object.<anonymous> (C:\Windows\System32\googlekeep\googlekeep\src\/index.js:37:5)
    at Module._compile (node:internal/modules/cjs/loader:1103:14)
    at Module._compile (C:\Windows\System32\googlekeep\googlekeep\node_modules\pirates\lib\index.js:136:24)
    at Module._extensions..js (node:internal/modules/cjs/loader:1157:10)
    at Object.newLoader [as .js] (C:\Windows\System32\googlekeep\googlekeep\node_modules\pirates\lib\index.js:141:7)
    at Module.load (node:internal/modules/cjs/loader:981:32)
    at Function.Module._load (node:internal/modules/cjs/loader:822:12)
    at Function.executeUserEntryPoint [as runMain] (node:internal/modules/run_main:77:12)
    at Object.<anonymous> (C:\Windows\System32\googlekeep\googlekeep\node_modules\@babel\node\lib\_babel-node.js:176:21)
    at Module._compile (node:internal/modules/cjs/loader:1103:14)
    at Object.Module._extensions..js (node:internal/modules/cjs/loader:1157:10)
    at Module.load (node:internal/modules/cjs/loader:981:32) {"date":"Fri Apr 01 2022 17:38:23 GMT+0530 (India Standard Time)","error":{"address":"::","code":"EADDRINUSE","errno":-4091,"port":3000,"syscall":"listen"},"exception":true,"os":{"loadavg":[0,0,0],"uptime":1534474},"process":{"argv":["node","C:\\Windows\\System32\\googlekeep\\googlekeep\\src\\index.js"],"cwd":"C:\\Windows\\System32\\googlekeep\\googlekeep","execPath":"C:\\Program Files\\nodejs\\node.exe","gid":null,"memoryUsage":{"arrayBuffers":19184659,"external":30215588,"heapTotal":76922880,"heapUsed":52510312,"rss":109006848},"pid":19312,"uid":null,"version":"v16.14.2"},"stack":"Error: listen EADDRINUSE: address already in use :::3000\n    at Server.setupListenHandle [as _listen2] (node:net:1330:16)\n    at listenInCluster (node:net:1378:12)\n    at Server.listen (node:net:1465:7)\n    at Function.listen (C:\\Windows\\System32\\googlekeep\\googlekeep\\node_modules\\express\\lib\\application.js:618:24)\n    at Object.<anonymous> (C:\\Windows\\System32\\googlekeep\\googlekeep\\src\\/index.js:37:5)\n    at Module._compile (node:internal/modules/cjs/loader:1103:14)\n    at Module._compile (C:\\Windows\\System32\\googlekeep\\googlekeep\\node_modules\\pirates\\lib\\index.js:136:24)\n    at Module._extensions..js (node:internal/modules/cjs/loader:1157:10)\n    at Object.newLoader [as .js] (C:\\Windows\\System32\\googlekeep\\googlekeep\\node_modules\\pirates\\lib\\index.js:141:7)\n    at Module.load (node:internal/modules/cjs/loader:981:32)\n    at Function.Module._load (node:internal/modules/cjs/loader:822:12)\n    at Function.executeUserEntryPoint [as runMain] (node:internal/modules/run_main:77:12)\n    at Object.<anonymous> (C:\\Windows\\System32\\googlekeep\\googlekeep\\node_modules\\@babel\\node\\lib\\_babel-node.js:176:21)\n    at Module._compile (node:internal/modules/cjs/loader:1103:14)\n    at Object.Module._extensions..js (node:internal/modules/cjs/loader:1157:10)\n    at Module.load (node:internal/modules/cjs/loader:981:32)","trace":[{"column":16,"file":"node:net","function":"Server.setupListenHandle [as _listen2]","line":1330,"method":"setupListenHandle [as _listen2]","native":false},{"column":12,"file":"node:net","function":"listenInCluster","line":1378,"method":null,"native":false},{"column":7,"file":"node:net","function":"Server.listen","line":1465,"method":"listen","native":false},{"column":24,"file":"C:\\Windows\\System32\\googlekeep\\googlekeep\\node_modules\\express\\lib\\application.js","function":"Function.listen","line":618,"method":"listen","native":false},{"column":5,"file":"C:\\Windows\\System32\\googlekeep\\googlekeep\\src\\/index.js","function":null,"line":37,"method":null,"native":false},{"column":14,"file":"node:internal/modules/cjs/loader","function":"Module._compile","line":1103,"method":"_compile","native":false},{"column":24,"file":"C:\\Windows\\System32\\googlekeep\\googlekeep\\node_modules\\pirates\\lib\\index.js","function":"Module._compile","line":136,"method":"_compile","native":false},{"column":10,"file":"node:internal/modules/cjs/loader","function":"Module._extensions..js","line":1157,"method":".js","native":false},{"column":7,"file":"C:\\Windows\\System32\\googlekeep\\googlekeep\\node_modules\\pirates\\lib\\index.js","function":"Object.newLoader [as .js]","line":141,"method":"js]","native":false},{"column":32,"file":"node:internal/modules/cjs/loader","function":"Module.load","line":981,"method":"load","native":false},{"column":12,"file":"node:internal/modules/cjs/loader","function":"Module._load","line":822,"method":"_load","native":false},{"column":12,"file":"node:internal/modules/run_main","function":"Function.executeUserEntryPoint [as runMain]","line":77,"method":"executeUserEntryPoint [as runMain]","native":false},{"column":21,"file":"C:\\Windows\\System32\\googlekeep\\googlekeep\\node_modules\\@babel\\node\\lib\\_babel-node.js","function":null,"line":176,"method":null,"native":false},{"column":14,"file":"node:internal/modules/cjs/loader","function":"Module._compile","line":1103,"method":"_compile","native":false},{"column":10,"file":"node:internal/modules/cjs/loader","function":"Module._extensions..js","line":1157,"method":".js","native":false},{"column":32,"file":"node:internal/modules/cjs/loader","function":"Module.load","line":981,"method":"load","native":false}]}
error: uncaughtException: listen EADDRINUSE: address already in use :::3000
Error: listen EADDRINUSE: address already in use :::3000
    at Server.setupListenHandle [as _listen2] (node:net:1330:16)
    at listenInCluster (node:net:1378:12)
    at Server.listen (node:net:1465:7)
    at Function.listen (C:\Windows\System32\googlekeep\googlekeep\node_modules\express\lib\application.js:618:24)
    at Object.<anonymous> (C:\Windows\System32\googlekeep\googlekeep\src\/index.js:37:5)
    at Module._compile (node:internal/modules/cjs/loader:1103:14)
    at Module._compile (C:\Windows\System32\googlekeep\googlekeep\node_modules\pirates\lib\index.js:136:24)
    at Module._extensions..js (node:internal/modules/cjs/loader:1157:10)
    at Object.newLoader [as .js] (C:\Windows\System32\googlekeep\googlekeep\node_modules\pirates\lib\index.js:141:7)
    at Module.load (node:internal/modules/cjs/loader:981:32)
    at Function.Module._load (node:internal/modules/cjs/loader:822:12)
    at Function.executeUserEntryPoint [as runMain] (node:internal/modules/run_main:77:12)
    at Object.<anonymous> (C:\Windows\System32\googlekeep\googlekeep\node_modules\@babel\node\lib\_babel-node.js:176:21)
    at Module._compile (node:internal/modules/cjs/loader:1103:14)
    at Object.Module._extensions..js (node:internal/modules/cjs/loader:1157:10)
    at Module.load (node:internal/modules/cjs/loader:981:32) {"date":"Fri Apr 01 2022 17:41:18 GMT+0530 (India Standard Time)","error":{"address":"::","code":"EADDRINUSE","errno":-4091,"port":3000,"syscall":"listen"},"exception":true,"os":{"loadavg":[0,0,0],"uptime":1534649},"process":{"argv":["node","C:\\Windows\\System32\\googlekeep\\googlekeep\\src\\index.js"],"cwd":"C:\\Windows\\System32\\googlekeep\\googlekeep","execPath":"C:\\Program Files\\nodejs\\node.exe","gid":null,"memoryUsage":{"arrayBuffers":19184659,"external":30215588,"heapTotal":76922880,"heapUsed":52392672,"rss":109006848},"pid":15956,"uid":null,"version":"v16.14.2"},"stack":"Error: listen EADDRINUSE: address already in use :::3000\n    at Server.setupListenHandle [as _listen2] (node:net:1330:16)\n    at listenInCluster (node:net:1378:12)\n    at Server.listen (node:net:1465:7)\n    at Function.listen (C:\\Windows\\System32\\googlekeep\\googlekeep\\node_modules\\express\\lib\\application.js:618:24)\n    at Object.<anonymous> (C:\\Windows\\System32\\googlekeep\\googlekeep\\src\\/index.js:37:5)\n    at Module._compile (node:internal/modules/cjs/loader:1103:14)\n    at Module._compile (C:\\Windows\\System32\\googlekeep\\googlekeep\\node_modules\\pirates\\lib\\index.js:136:24)\n    at Module._extensions..js (node:internal/modules/cjs/loader:1157:10)\n    at Object.newLoader [as .js] (C:\\Windows\\System32\\googlekeep\\googlekeep\\node_modules\\pirates\\lib\\index.js:141:7)\n    at Module.load (node:internal/modules/cjs/loader:981:32)\n    at Function.Module._load (node:internal/modules/cjs/loader:822:12)\n    at Function.executeUserEntryPoint [as runMain] (node:internal/modules/run_main:77:12)\n    at Object.<anonymous> (C:\\Windows\\System32\\googlekeep\\googlekeep\\node_modules\\@babel\\node\\lib\\_babel-node.js:176:21)\n    at Module._compile (node:internal/modules/cjs/loader:1103:14)\n    at Object.Module._extensions..js (node:internal/modules/cjs/loader:1157:10)\n    at Module.load (node:internal/modules/cjs/loader:981:32)","trace":[{"column":16,"file":"node:net","function":"Server.setupListenHandle [as _listen2]","line":1330,"method":"setupListenHandle [as _listen2]","native":false},{"column":12,"file":"node:net","function":"listenInCluster","line":1378,"method":null,"native":false},{"column":7,"file":"node:net","function":"Server.listen","line":1465,"method":"listen","native":false},{"column":24,"file":"C:\\Windows\\System32\\googlekeep\\googlekeep\\node_modules\\express\\lib\\application.js","function":"Function.listen","line":618,"method":"listen","native":false},{"column":5,"file":"C:\\Windows\\System32\\googlekeep\\googlekeep\\src\\/index.js","function":null,"line":37,"method":null,"native":false},{"column":14,"file":"node:internal/modules/cjs/loader","function":"Module._compile","line":1103,"method":"_compile","native":false},{"column":24,"file":"C:\\Windows\\System32\\googlekeep\\googlekeep\\node_modules\\pirates\\lib\\index.js","function":"Module._compile","line":136,"method":"_compile","native":false},{"column":10,"file":"node:internal/modules/cjs/loader","function":"Module._extensions..js","line":1157,"method":".js","native":false},{"column":7,"file":"C:\\Windows\\System32\\googlekeep\\googlekeep\\node_modules\\pirates\\lib\\index.js","function":"Object.newLoader [as .js]","line":141,"method":"js]","native":false},{"column":32,"file":"node:internal/modules/cjs/loader","function":"Module.load","line":981,"method":"load","native":false},{"column":12,"file":"node:internal/modules/cjs/loader","function":"Module._load","line":822,"method":"_load","native":false},{"column":12,"file":"node:internal/modules/run_main","function":"Function.executeUserEntryPoint [as runMain]","line":77,"method":"executeUserEntryPoint [as runMain]","native":false},{"column":21,"file":"C:\\Windows\\System32\\googlekeep\\googlekeep\\node_modules\\@babel\\node\\lib\\_babel-node.js","function":null,"line":176,"method":null,"native":false},{"column":14,"file":"node:internal/modules/cjs/loader","function":"Module._compile","line":1103,"method":"_compile","native":false},{"column":10,"file":"node:internal/modules/cjs/loader","function":"Module._extensions..js","line":1157,"method":".js","native":false},{"column":32,"file":"node:internal/modules/cjs/loader","function":"Module.load","line":981,"method":"load","native":false}]}
error: uncaughtException: listen EADDRINUSE: address already in use :::3000
Error: listen EADDRINUSE: address already in use :::3000
    at Server.setupListenHandle [as _listen2] (node:net:1330:16)
    at listenInCluster (node:net:1378:12)
    at Server.listen (node:net:1465:7)
    at Function.listen (C:\Windows\System32\googlekeep\googlekeep\node_modules\express\lib\application.js:618:24)
    at Object.<anonymous> (C:\Windows\System32\googlekeep\googlekeep\src\/index.js:37:5)
    at Module._compile (node:internal/modules/cjs/loader:1103:14)
    at Module._compile (C:\Windows\System32\googlekeep\googlekeep\node_modules\pirates\lib\index.js:136:24)
    at Module._extensions..js (node:internal/modules/cjs/loader:1157:10)
    at Object.newLoader [as .js] (C:\Windows\System32\googlekeep\googlekeep\node_modules\pirates\lib\index.js:141:7)
    at Module.load (node:internal/modules/cjs/loader:981:32)
    at Function.Module._load (node:internal/modules/cjs/loader:822:12)
    at Function.executeUserEntryPoint [as runMain] (node:internal/modules/run_main:77:12)
    at Object.<anonymous> (C:\Windows\System32\googlekeep\googlekeep\node_modules\@babel\node\lib\_babel-node.js:176:21)
    at Module._compile (node:internal/modules/cjs/loader:1103:14)
    at Object.Module._extensions..js (node:internal/modules/cjs/loader:1157:10)
    at Module.load (node:internal/modules/cjs/loader:981:32) {"date":"Fri Apr 01 2022 17:42:43 GMT+0530 (India Standard Time)","error":{"address":"::","code":"EADDRINUSE","errno":-4091,"port":3000,"syscall":"listen"},"exception":true,"os":{"loadavg":[0,0,0],"uptime":1534735},"process":{"argv":["node","C:\\Windows\\System32\\googlekeep\\googlekeep\\src\\index.js"],"cwd":"C:\\Windows\\System32\\googlekeep\\googlekeep","execPath":"C:\\Program Files\\nodejs\\node.exe","gid":null,"memoryUsage":{"arrayBuffers":19184659,"external":30215588,"heapTotal":76922880,"heapUsed":52366896,"rss":109154304},"pid":16940,"uid":null,"version":"v16.14.2"},"stack":"Error: listen EADDRINUSE: address already in use :::3000\n    at Server.setupListenHandle [as _listen2] (node:net:1330:16)\n    at listenInCluster (node:net:1378:12)\n    at Server.listen (node:net:1465:7)\n    at Function.listen (C:\\Windows\\System32\\googlekeep\\googlekeep\\node_modules\\express\\lib\\application.js:618:24)\n    at Object.<anonymous> (C:\\Windows\\System32\\googlekeep\\googlekeep\\src\\/index.js:37:5)\n    at Module._compile (node:internal/modules/cjs/loader:1103:14)\n    at Module._compile (C:\\Windows\\System32\\googlekeep\\googlekeep\\node_modules\\pirates\\lib\\index.js:136:24)\n    at Module._extensions..js (node:internal/modules/cjs/loader:1157:10)\n    at Object.newLoader [as .js] (C:\\Windows\\System32\\googlekeep\\googlekeep\\node_modules\\pirates\\lib\\index.js:141:7)\n    at Module.load (node:internal/modules/cjs/loader:981:32)\n    at Function.Module._load (node:internal/modules/cjs/loader:822:12)\n    at Function.executeUserEntryPoint [as runMain] (node:internal/modules/run_main:77:12)\n    at Object.<anonymous> (C:\\Windows\\System32\\googlekeep\\googlekeep\\node_modules\\@babel\\node\\lib\\_babel-node.js:176:21)\n    at Module._compile (node:internal/modules/cjs/loader:1103:14)\n    at Object.Module._extensions..js (node:internal/modules/cjs/loader:1157:10)\n    at Module.load (node:internal/modules/cjs/loader:981:32)","trace":[{"column":16,"file":"node:net","function":"Server.setupListenHandle [as _listen2]","line":1330,"method":"setupListenHandle [as _listen2]","native":false},{"column":12,"file":"node:net","function":"listenInCluster","line":1378,"method":null,"native":false},{"column":7,"file":"node:net","function":"Server.listen","line":1465,"method":"listen","native":false},{"column":24,"file":"C:\\Windows\\System32\\googlekeep\\googlekeep\\node_modules\\express\\lib\\application.js","function":"Function.listen","line":618,"method":"listen","native":false},{"column":5,"file":"C:\\Windows\\System32\\googlekeep\\googlekeep\\src\\/index.js","function":null,"line":37,"method":null,"native":false},{"column":14,"file":"node:internal/modules/cjs/loader","function":"Module._compile","line":1103,"method":"_compile","native":false},{"column":24,"file":"C:\\Windows\\System32\\googlekeep\\googlekeep\\node_modules\\pirates\\lib\\index.js","function":"Module._compile","line":136,"method":"_compile","native":false},{"column":10,"file":"node:internal/modules/cjs/loader","function":"Module._extensions..js","line":1157,"method":".js","native":false},{"column":7,"file":"C:\\Windows\\System32\\googlekeep\\googlekeep\\node_modules\\pirates\\lib\\index.js","function":"Object.newLoader [as .js]","line":141,"method":"js]","native":false},{"column":32,"file":"node:internal/modules/cjs/loader","function":"Module.load","line":981,"method":"load","native":false},{"column":12,"file":"node:internal/modules/cjs/loader","function":"Module._load","line":822,"method":"_load","native":false},{"column":12,"file":"node:internal/modules/run_main","function":"Function.executeUserEntryPoint [as runMain]","line":77,"method":"executeUserEntryPoint [as runMain]","native":false},{"column":21,"file":"C:\\Windows\\System32\\googlekeep\\googlekeep\\node_modules\\@babel\\node\\lib\\_babel-node.js","function":null,"line":176,"method":null,"native":false},{"column":14,"file":"node:internal/modules/cjs/loader","function":"Module._compile","line":1103,"method":"_compile","native":false},{"column":10,"file":"node:internal/modules/cjs/loader","function":"Module._extensions..js","line":1157,"method":".js","native":false},{"column":32,"file":"node:internal/modules/cjs/loader","function":"Module.load","line":981,"method":"load","native":false}]}
error: uncaughtException: listen EADDRINUSE: address already in use :::3000
Error: listen EADDRINUSE: address already in use :::3000
    at Server.setupListenHandle [as _listen2] (node:net:1330:16)
    at listenInCluster (node:net:1378:12)
    at Server.listen (node:net:1465:7)
    at Function.listen (C:\Windows\System32\googlekeep\googlekeep\node_modules\express\lib\application.js:618:24)
    at Object.<anonymous> (C:\Windows\System32\googlekeep\googlekeep\build\index.js:54:5)
    at Module._compile (node:internal/modules/cjs/loader:1103:14)
    at Object.Module._extensions..js (node:internal/modules/cjs/loader:1157:10)
    at Module.load (node:internal/modules/cjs/loader:981:32)
    at Function.Module._load (node:internal/modules/cjs/loader:822:12)
    at Function.executeUserEntryPoint [as runMain] (node:internal/modules/run_main:77:12)
    at node:internal/main/run_main_module:17:47 {"date":"Fri Apr 01 2022 17:43:36 GMT+0530 (India Standard Time)","error":{"address":"::","code":"EADDRINUSE","errno":-4091,"port":3000,"syscall":"listen"},"exception":true,"os":{"loadavg":[0,0,0],"uptime":1534787},"process":{"argv":["C:\\Program Files\\nodejs\\node.exe","C:\\Windows\\System32\\googlekeep\\googlekeep\\build\\index.js"],"cwd":"C:\\Windows\\System32\\googlekeep\\googlekeep","execPath":"C:\\Program Files\\nodejs\\node.exe","gid":null,"memoryUsage":{"arrayBuffers":18726615,"external":24478629,"heapTotal":38174720,"heapUsed":25280392,"rss":66162688},"pid":15436,"uid":null,"version":"v16.14.2"},"stack":"Error: listen EADDRINUSE: address already in use :::3000\n    at Server.setupListenHandle [as _listen2] (node:net:1330:16)\n    at listenInCluster (node:net:1378:12)\n    at Server.listen (node:net:1465:7)\n    at Function.listen (C:\\Windows\\System32\\googlekeep\\googlekeep\\node_modules\\express\\lib\\application.js:618:24)\n    at Object.<anonymous> (C:\\Windows\\System32\\googlekeep\\googlekeep\\build\\index.js:54:5)\n    at Module._compile (node:internal/modules/cjs/loader:1103:14)\n    at Object.Module._extensions..js (node:internal/modules/cjs/loader:1157:10)\n    at Module.load (node:internal/modules/cjs/loader:981:32)\n    at Function.Module._load (node:internal/modules/cjs/loader:822:12)\n    at Function.executeUserEntryPoint [as runMain] (node:internal/modules/run_main:77:12)\n    at node:internal/main/run_main_module:17:47","trace":[{"column":16,"file":"node:net","function":"Server.setupListenHandle [as _listen2]","line":1330,"method":"setupListenHandle [as _listen2]","native":false},{"column":12,"file":"node:net","function":"listenInCluster","line":1378,"method":null,"native":false},{"column":7,"file":"node:net","function":"Server.listen","line":1465,"method":"listen","native":false},{"column":24,"file":"C:\\Windows\\System32\\googlekeep\\googlekeep\\node_modules\\express\\lib\\application.js","function":"Function.listen","line":618,"method":"listen","native":false},{"column":5,"file":"C:\\Windows\\System32\\googlekeep\\googlekeep\\build\\index.js","function":null,"line":54,"method":null,"native":false},{"column":14,"file":"node:internal/modules/cjs/loader","function":"Module._compile","line":1103,"method":"_compile","native":false},{"column":10,"file":"node:internal/modules/cjs/loader","function":"Module._extensions..js","line":1157,"method":".js","native":false},{"column":32,"file":"node:internal/modules/cjs/loader","function":"Module.load","line":981,"method":"load","native":false},{"column":12,"file":"node:internal/modules/cjs/loader","function":"Module._load","line":822,"method":"_load","native":false},{"column":12,"file":"node:internal/modules/run_main","function":"Function.executeUserEntryPoint [as runMain]","line":77,"method":"executeUserEntryPoint [as runMain]","native":false},{"column":47,"file":"node:internal/main/run_main_module","function":null,"line":17,"method":null,"native":false}]}
error: uncaughtException: listen EADDRINUSE: address already in use :::3000
Error: listen EADDRINUSE: address already in use :::3000
    at Server.setupListenHandle [as _listen2] (node:net:1330:16)
    at listenInCluster (node:net:1378:12)
    at Server.listen (node:net:1465:7)
    at Function.listen (C:\Windows\System32\googlekeep\googlekeep\node_modules\express\lib\application.js:618:24)
    at Object.<anonymous> (C:\Windows\System32\googlekeep\googlekeep\src\/index.js:37:5)
    at Module._compile (node:internal/modules/cjs/loader:1103:14)
    at Module._compile (C:\Windows\System32\googlekeep\googlekeep\node_modules\pirates\lib\index.js:136:24)
    at Module._extensions..js (node:internal/modules/cjs/loader:1157:10)
    at Object.newLoader [as .js] (C:\Windows\System32\googlekeep\googlekeep\node_modules\pirates\lib\index.js:141:7)
    at Module.load (node:internal/modules/cjs/loader:981:32)
    at Function.Module._load (node:internal/modules/cjs/loader:822:12)
    at Function.executeUserEntryPoint [as runMain] (node:internal/modules/run_main:77:12)
    at Object.<anonymous> (C:\Windows\System32\googlekeep\googlekeep\node_modules\@babel\node\lib\_babel-node.js:176:21)
    at Module._compile (node:internal/modules/cjs/loader:1103:14)
    at Object.Module._extensions..js (node:internal/modules/cjs/loader:1157:10)
    at Module.load (node:internal/modules/cjs/loader:981:32) {"date":"Fri Apr 01 2022 17:44:44 GMT+0530 (India Standard Time)","error":{"address":"::","code":"EADDRINUSE","errno":-4091,"port":3000,"syscall":"listen"},"exception":true,"os":{"loadavg":[0,0,0],"uptime":1534855},"process":{"argv":["node","C:\\Windows\\System32\\googlekeep\\googlekeep\\src\\index.js"],"cwd":"C:\\Windows\\System32\\googlekeep\\googlekeep","execPath":"C:\\Program Files\\nodejs\\node.exe","gid":null,"memoryUsage":{"arrayBuffers":18646842,"external":22999336,"heapTotal":80056320,"heapUsed":45925408,"rss":113360896},"pid":18416,"uid":null,"version":"v16.14.2"},"stack":"Error: listen EADDRINUSE: address already in use :::3000\n    at Server.setupListenHandle [as _listen2] (node:net:1330:16)\n    at listenInCluster (node:net:1378:12)\n    at Server.listen (node:net:1465:7)\n    at Function.listen (C:\\Windows\\System32\\googlekeep\\googlekeep\\node_modules\\express\\lib\\application.js:618:24)\n    at Object.<anonymous> (C:\\Windows\\System32\\googlekeep\\googlekeep\\src\\/index.js:37:5)\n    at Module._compile (node:internal/modules/cjs/loader:1103:14)\n    at Module._compile (C:\\Windows\\System32\\googlekeep\\googlekeep\\node_modules\\pirates\\lib\\index.js:136:24)\n    at Module._extensions..js (node:internal/modules/cjs/loader:1157:10)\n    at Object.newLoader [as .js] (C:\\Windows\\System32\\googlekeep\\googlekeep\\node_modules\\pirates\\lib\\index.js:141:7)\n    at Module.load (node:internal/modules/cjs/loader:981:32)\n    at Function.Module._load (node:internal/modules/cjs/loader:822:12)\n    at Function.executeUserEntryPoint [as runMain] (node:internal/modules/run_main:77:12)\n    at Object.<anonymous> (C:\\Windows\\System32\\googlekeep\\googlekeep\\node_modules\\@babel\\node\\lib\\_babel-node.js:176:21)\n    at Module._compile (node:internal/modules/cjs/loader:1103:14)\n    at Object.Module._extensions..js (node:internal/modules/cjs/loader:1157:10)\n    at Module.load (node:internal/modules/cjs/loader:981:32)","trace":[{"column":16,"file":"node:net","function":"Server.setupListenHandle [as _listen2]","line":1330,"method":"setupListenHandle [as _listen2]","native":false},{"column":12,"file":"node:net","function":"listenInCluster","line":1378,"method":null,"native":false},{"column":7,"file":"node:net","function":"Server.listen","line":1465,"method":"listen","native":false},{"column":24,"file":"C:\\Windows\\System32\\googlekeep\\googlekeep\\node_modules\\express\\lib\\application.js","function":"Function.listen","line":618,"method":"listen","native":false},{"column":5,"file":"C:\\Windows\\System32\\googlekeep\\googlekeep\\src\\/index.js","function":null,"line":37,"method":null,"native":false},{"column":14,"file":"node:internal/modules/cjs/loader","function":"Module._compile","line":1103,"method":"_compile","native":false},{"column":24,"file":"C:\\Windows\\System32\\googlekeep\\googlekeep\\node_modules\\pirates\\lib\\index.js","function":"Module._compile","line":136,"method":"_compile","native":false},{"column":10,"file":"node:internal/modules/cjs/loader","function":"Module._extensions..js","line":1157,"method":".js","native":false},{"column":7,"file":"C:\\Windows\\System32\\googlekeep\\googlekeep\\node_modules\\pirates\\lib\\index.js","function":"Object.newLoader [as .js]","line":141,"method":"js]","native":false},{"column":32,"file":"node:internal/modules/cjs/loader","function":"Module.load","line":981,"method":"load","native":false},{"column":12,"file":"node:internal/modules/cjs/loader","function":"Module._load","line":822,"method":"_load","native":false},{"column":12,"file":"node:internal/modules/run_main","function":"Function.executeUserEntryPoint [as runMain]","line":77,"method":"executeUserEntryPoint [as runMain]","native":false},{"column":21,"file":"C:\\Windows\\System32\\googlekeep\\googlekeep\\node_modules\\@babel\\node\\lib\\_babel-node.js","function":null,"line":176,"method":null,"native":false},{"column":14,"file":"node:internal/modules/cjs/loader","function":"Module._compile","line":1103,"method":"_compile","native":false},{"column":10,"file":"node:internal/modules/cjs/loader","function":"Module._extensions..js","line":1157,"method":".js","native":false},{"column":32,"file":"node:internal/modules/cjs/loader","function":"Module.load","line":981,"method":"load","native":false}]}
error: uncaughtException: listen EADDRINUSE: address already in use :::3000
Error: listen EADDRINUSE: address already in use :::3000
    at Server.setupListenHandle [as _listen2] (node:net:1330:16)
    at listenInCluster (node:net:1378:12)
    at Server.listen (node:net:1465:7)
    at Function.listen (C:\Windows\System32\googlekeep\googlekeep\node_modules\express\lib\application.js:618:24)
    at Object.<anonymous> (C:\Windows\System32\googlekeep\googlekeep\src\/index.js:37:5)
    at Module._compile (node:internal/modules/cjs/loader:1103:14)
    at Module._compile (C:\Windows\System32\googlekeep\googlekeep\node_modules\pirates\lib\index.js:136:24)
    at Module._extensions..js (node:internal/modules/cjs/loader:1157:10)
    at Object.newLoader [as .js] (C:\Windows\System32\googlekeep\googlekeep\node_modules\pirates\lib\index.js:141:7)
    at Module.load (node:internal/modules/cjs/loader:981:32)
    at Function.Module._load (node:internal/modules/cjs/loader:822:12)
    at Function.executeUserEntryPoint [as runMain] (node:internal/modules/run_main:77:12)
    at Object.<anonymous> (C:\Windows\System32\googlekeep\googlekeep\node_modules\@babel\node\lib\_babel-node.js:176:21)
    at Module._compile (node:internal/modules/cjs/loader:1103:14)
    at Object.Module._extensions..js (node:internal/modules/cjs/loader:1157:10)
    at Module.load (node:internal/modules/cjs/loader:981:32) {"date":"Fri Apr 01 2022 17:44:58 GMT+0530 (India Standard Time)","error":{"address":"::","code":"EADDRINUSE","errno":-4091,"port":3000,"syscall":"listen"},"exception":true,"os":{"loadavg":[0,0,0],"uptime":1534869},"process":{"argv":["node","C:\\Windows\\System32\\googlekeep\\googlekeep\\src\\index.js"],"cwd":"C:\\Windows\\System32\\googlekeep\\googlekeep","execPath":"C:\\Program Files\\nodejs\\node.exe","gid":null,"memoryUsage":{"arrayBuffers":18659099,"external":22999336,"heapTotal":80580608,"heapUsed":45990608,"rss":114176000},"pid":10928,"uid":null,"version":"v16.14.2"},"stack":"Error: listen EADDRINUSE: address already in use :::3000\n    at Server.setupListenHandle [as _listen2] (node:net:1330:16)\n    at listenInCluster (node:net:1378:12)\n    at Server.listen (node:net:1465:7)\n    at Function.listen (C:\\Windows\\System32\\googlekeep\\googlekeep\\node_modules\\express\\lib\\application.js:618:24)\n    at Object.<anonymous> (C:\\Windows\\System32\\googlekeep\\googlekeep\\src\\/index.js:37:5)\n    at Module._compile (node:internal/modules/cjs/loader:1103:14)\n    at Module._compile (C:\\Windows\\System32\\googlekeep\\googlekeep\\node_modules\\pirates\\lib\\index.js:136:24)\n    at Module._extensions..js (node:internal/modules/cjs/loader:1157:10)\n    at Object.newLoader [as .js] (C:\\Windows\\System32\\googlekeep\\googlekeep\\node_modules\\pirates\\lib\\index.js:141:7)\n    at Module.load (node:internal/modules/cjs/loader:981:32)\n    at Function.Module._load (node:internal/modules/cjs/loader:822:12)\n    at Function.executeUserEntryPoint [as runMain] (node:internal/modules/run_main:77:12)\n    at Object.<anonymous> (C:\\Windows\\System32\\googlekeep\\googlekeep\\node_modules\\@babel\\node\\lib\\_babel-node.js:176:21)\n    at Module._compile (node:internal/modules/cjs/loader:1103:14)\n    at Object.Module._extensions..js (node:internal/modules/cjs/loader:1157:10)\n    at Module.load (node:internal/modules/cjs/loader:981:32)","trace":[{"column":16,"file":"node:net","function":"Server.setupListenHandle [as _listen2]","line":1330,"method":"setupListenHandle [as _listen2]","native":false},{"column":12,"file":"node:net","function":"listenInCluster","line":1378,"method":null,"native":false},{"column":7,"file":"node:net","function":"Server.listen","line":1465,"method":"listen","native":false},{"column":24,"file":"C:\\Windows\\System32\\googlekeep\\googlekeep\\node_modules\\express\\lib\\application.js","function":"Function.listen","line":618,"method":"listen","native":false},{"column":5,"file":"C:\\Windows\\System32\\googlekeep\\googlekeep\\src\\/index.js","function":null,"line":37,"method":null,"native":false},{"column":14,"file":"node:internal/modules/cjs/loader","function":"Module._compile","line":1103,"method":"_compile","native":false},{"column":24,"file":"C:\\Windows\\System32\\googlekeep\\googlekeep\\node_modules\\pirates\\lib\\index.js","function":"Module._compile","line":136,"method":"_compile","native":false},{"column":10,"file":"node:internal/modules/cjs/loader","function":"Module._extensions..js","line":1157,"method":".js","native":false},{"column":7,"file":"C:\\Windows\\System32\\googlekeep\\googlekeep\\node_modules\\pirates\\lib\\index.js","function":"Object.newLoader [as .js]","line":141,"method":"js]","native":false},{"column":32,"file":"node:internal/modules/cjs/loader","function":"Module.load","line":981,"method":"load","native":false},{"column":12,"file":"node:internal/modules/cjs/loader","function":"Module._load","line":822,"method":"_load","native":false},{"column":12,"file":"node:internal/modules/run_main","function":"Function.executeUserEntryPoint [as runMain]","line":77,"method":"executeUserEntryPoint [as runMain]","native":false},{"column":21,"file":"C:\\Windows\\System32\\googlekeep\\googlekeep\\node_modules\\@babel\\node\\lib\\_babel-node.js","function":null,"line":176,"method":null,"native":false},{"column":14,"file":"node:internal/modules/cjs/loader","function":"Module._compile","line":1103,"method":"_compile","native":false},{"column":10,"file":"node:internal/modules/cjs/loader","function":"Module._extensions..js","line":1157,"method":".js","native":false},{"column":32,"file":"node:internal/modules/cjs/loader","function":"Module.load","line":981,"method":"load","native":false}]}
info: ::1 - - [03/Apr/2022:16:59:38 +0000] "POST /api/v1/users HTTP/1.1" 201 276 "-" "PostmanRuntime/7.29.0"

info: ::1 - - [03/Apr/2022:17:04:27 +0000] "GET /api/v1/users HTTP/1.1" 200 35883 "-" "PostmanRuntime/7.29.0"

info: ::1 - - [03/Apr/2022:17:07:07 +0000] "GET /api/v1/ HTTP/1.1" 200 9 "-" "Mozilla/5.0 (Windows NT 10.0; Win64; x64) AppleWebKit/537.36 (KHTML, like Gecko) Chrome/100.0.4896.60 Safari/537.36"

info: ::1 - - [03/Apr/2022:17:07:07 +0000] "GET /favicon.ico HTTP/1.1" 404 47 "-" "Mozilla/5.0 (Windows NT 10.0; Win64; x64) AppleWebKit/537.36 (KHTML, like Gecko) Chrome/100.0.4896.60 Safari/537.36"

info: ::1 - - [03/Apr/2022:17:07:25 +0000] "GET /api/v1 HTTP/1.1" 200 9 "-" "PostmanRuntime/7.29.0"

info: ::1 - - [03/Apr/2022:17:07:38 +0000] "GET /api/v1/users HTTP/1.1" 200 35883 "-" "PostmanRuntime/7.29.0"

info: ::1 - - [03/Apr/2022:18:07:28 +0000] "GET /api/v1/users HTTP/1.1" 200 65 "-" "PostmanRuntime/7.29.0"

info: ::1 - - [03/Apr/2022:18:07:58 +0000] "POST /api/v1/users HTTP/1.1" 201 278 "-" "PostmanRuntime/7.29.0"

info: ::1 - - [03/Apr/2022:18:08:06 +0000] "GET /api/v1/users HTTP/1.1" 200 285 "-" "PostmanRuntime/7.29.0"

info: ::1 - - [04/Apr/2022:02:56:30 +0000] "GET /api/v1 HTTP/1.1" 200 9 "-" "PostmanRuntime/7.29.0"

info: ::1 - - [04/Apr/2022:02:57:13 +0000] "POST /api/v1/users HTTP/1.1" 201 274 "-" "PostmanRuntime/7.29.0"

info: ::1 - - [04/Apr/2022:03:01:47 +0000] "GET /api/v1 HTTP/1.1" 200 9 "-" "PostmanRuntime/7.29.0"

info: ::1 - - [04/Apr/2022:03:02:37 +0000] "POST /api/v1/users HTTP/1.1" 201 273 "-" "PostmanRuntime/7.29.0"

info: ::1 - - [04/Apr/2022:03:15:09 +0000] "POST /api/v1/users HTTP/1.1" 500 61 "-" "PostmanRuntime/7.29.0"

info: ::1 - - [04/Apr/2022:06:13:53 +0000] "GET /api/v1 HTTP/1.1" 200 9 "-" "PostmanRuntime/7.29.0"

info: ::1 - - [04/Apr/2022:06:14:36 +0000] "POST /api/v1/users HTTP/1.1" 500 56 "-" "PostmanRuntime/7.29.0"

info: ::1 - - [04/Apr/2022:06:17:07 +0000] "POST /api/v1/users HTTP/1.1" 500 56 "-" "PostmanRuntime/7.29.0"

info: ::1 - - [04/Apr/2022:07:08:19 +0000] "GET /api/v1 HTTP/1.1" 200 9 "-" "PostmanRuntime/7.29.0"

info: ::1 - - [04/Apr/2022:07:08:29 +0000] "POST /api/v1/users HTTP/1.1" 500 56 "-" "PostmanRuntime/7.29.0"

info: ::1 - - [04/Apr/2022:07:12:12 +0000] "POST /api/v1/users HTTP/1.1" 500 56 "-" "PostmanRuntime/7.29.0"

info: ::1 - - [04/Apr/2022:07:14:02 +0000] "POST /api/v1/users HTTP/1.1" 500 56 "-" "PostmanRuntime/7.29.0"

info: ::1 - - [04/Apr/2022:07:16:38 +0000] "POST /api/v1/users HTTP/1.1" 500 56 "-" "PostmanRuntime/7.29.0"

info: ::1 - - [04/Apr/2022:07:27:33 +0000] "POST /api/v1/users HTTP/1.1" 500 54 "-" "PostmanRuntime/7.29.0"

info: ::1 - - [04/Apr/2022:07:28:41 +0000] "GET /api/v1 HTTP/1.1" 200 9 "-" "PostmanRuntime/7.29.0"

info: ::1 - - [04/Apr/2022:07:28:50 +0000] "POST /api/v1/users HTTP/1.1" 201 250 "-" "PostmanRuntime/7.29.0"

info: ::1 - - [04/Apr/2022:13:44:46 +0000] "GET /api/v1/users HTTP/1.1" 404 47 "-" "PostmanRuntime/7.29.0"

info: ::1 - - [04/Apr/2022:13:45:12 +0000] "GET /api/v1/users HTTP/1.1" 404 47 "-" "PostmanRuntime/7.29.0"

info: ::1 - - [04/Apr/2022:13:54:15 +0000] "GET /api/v1/users/login HTTP/1.1" 500 54 "-" "PostmanRuntime/7.29.0"

info: ::1 - - [04/Apr/2022:13:54:51 +0000] "GET /api/v1/users/login HTTP/1.1" 500 54 "-" "PostmanRuntime/7.29.0"

info: ::1 - - [04/Apr/2022:13:55:37 +0000] "GET /api/v1/users/login HTTP/1.1" 500 54 "-" "PostmanRuntime/7.29.0"

info: ::1 - - [04/Apr/2022:14:05:52 +0000] "GET /api/v1/users/login HTTP/1.1" 500 54 "-" "PostmanRuntime/7.29.0"

info: ::1 - - [04/Apr/2022:14:06:47 +0000] "GET /api/v1/users/login HTTP/1.1" 500 88 "-" "PostmanRuntime/7.29.0"

info: ::1 - - [04/Apr/2022:14:06:49 +0000] "GET /api/v1/users/login HTTP/1.1" 500 88 "-" "PostmanRuntime/7.29.0"

info: ::1 - - [04/Apr/2022:14:06:49 +0000] "GET /api/v1/users/login HTTP/1.1" 500 88 "-" "PostmanRuntime/7.29.0"

info: ::1 - - [04/Apr/2022:14:07:05 +0000] "GET /api/v1/users/login HTTP/1.1" 500 88 "-" "PostmanRuntime/7.29.0"

info: ::1 - - [04/Apr/2022:14:10:10 +0000] "GET /api/v1/users/login HTTP/1.1" 500 88 "-" "PostmanRuntime/7.29.0"

